[0.652s] Invoking command in '/home/lamp/workspaces/segnet/src/segnet': PYTHONPATH=/home/lamp/workspaces/segnet/build/segnet/prefix_override:/usr/lib/python3/dist-packages/colcon_core/task/python/colcon_distutils_commands:/home/lamp/workspaces/segnet/install/segnet/lib/python3.10/site-packages:${PYTHONPATH} /usr/bin/python3 -W ignore:setup.py install is deprecated -W ignore:easy_install command is deprecated setup.py egg_info --egg-base ../../build/segnet build --build-base /home/lamp/workspaces/segnet/build/segnet/build install --record /home/lamp/workspaces/segnet/build/segnet/install.log --single-version-externally-managed install_data
[0.864s] running egg_info
[0.864s] writing ../../build/segnet/segnet.egg-info/PKG-INFO
[0.865s] writing dependency_links to ../../build/segnet/segnet.egg-info/dependency_links.txt
[0.865s] writing entry points to ../../build/segnet/segnet.egg-info/entry_points.txt
[0.865s] writing requirements to ../../build/segnet/segnet.egg-info/requires.txt
[0.865s] writing top-level names to ../../build/segnet/segnet.egg-info/top_level.txt
[0.867s] reading manifest file '../../build/segnet/segnet.egg-info/SOURCES.txt'
[0.868s] writing manifest file '../../build/segnet/segnet.egg-info/SOURCES.txt'
[0.868s] running build
[0.868s] running build_py
[0.868s] running install
[0.868s] running install_lib
[0.870s] running install_data
[0.870s] running install_egg_info
[0.871s] removing '/home/lamp/workspaces/segnet/install/segnet/lib/python3.10/site-packages/segnet-0.0.0-py3.10.egg-info' (and everything under it)
[0.871s] Copying ../../build/segnet/segnet.egg-info to /home/lamp/workspaces/segnet/install/segnet/lib/python3.10/site-packages/segnet-0.0.0-py3.10.egg-info
[0.872s] running install_scripts
[0.891s] Installing segnet script to /home/lamp/workspaces/segnet/install/segnet/lib/segnet
[0.891s] writing list of installed files to '/home/lamp/workspaces/segnet/build/segnet/install.log'
[0.913s] Invoked command in '/home/lamp/workspaces/segnet/src/segnet' returned '0': PYTHONPATH=/home/lamp/workspaces/segnet/build/segnet/prefix_override:/usr/lib/python3/dist-packages/colcon_core/task/python/colcon_distutils_commands:/home/lamp/workspaces/segnet/install/segnet/lib/python3.10/site-packages:${PYTHONPATH} /usr/bin/python3 -W ignore:setup.py install is deprecated -W ignore:easy_install command is deprecated setup.py egg_info --egg-base ../../build/segnet build --build-base /home/lamp/workspaces/segnet/build/segnet/build install --record /home/lamp/workspaces/segnet/build/segnet/install.log --single-version-externally-managed install_data
