[0.021s] Invoking command in '/home/lamp/workspaces/segnet/build/gmapper': CMAKE_PREFIX_PATH=${CMAKE_PREFIX_PATH}:/home/lamp/workspaces/segnet/install/segnet:/home/lamp/workspaces/launch_ws/install/turtlebot3_teleop:/home/lamp/workspaces/launch_ws/install/turtlebot3_example:/home/lamp/workspaces/launch_ws/install/segtect:/home/lamp/workspaces/launch_ws/install/autonomous_exploration:/home/lamp/workspaces/turtlebot3_ws/install/turtlebot3_teleop:/home/lamp/workspaces/turtlebot3_ws/install/turtlebot3_example:/opt/ros/humble /usr/bin/cmake /home/lamp/workspaces/segnet/src/gmapper -DCMAKE_INSTALL_PREFIX=/home/lamp/workspaces/segnet/install/gmapper
[0.210s] -- The C compiler identification is GNU 11.4.0
[0.521s] -- The CXX compiler identification is GNU 11.4.0
[0.701s] -- Detecting C compiler ABI info
[0.819s] -- Detecting C compiler ABI info - done
[0.824s] -- Check for working C compiler: /usr/bin/cc - skipped
[0.825s] -- Detecting C compile features
[0.826s] -- Detecting C compile features - done
[0.829s] -- Detecting CXX compiler ABI info
[0.957s] -- Detecting CXX compiler ABI info - done
[0.962s] -- Check for working CXX compiler: /usr/bin/c++ - skipped
[0.962s] -- Detecting CXX compile features
[0.963s] -- Detecting CXX compile features - done
[0.973s] -- Found ament_cmake: 1.3.11 (/opt/ros/humble/share/ament_cmake/cmake)
[1.118s] -- Found Python3: /usr/bin/python3 (found version "3.10.12") found components: Interpreter 
[1.265s] -- Found std_msgs: 4.2.4 (/opt/ros/humble/share/std_msgs/cmake)
[1.446s] -- Found rosidl_generator_c: 3.1.6 (/opt/ros/humble/share/rosidl_generator_c/cmake)
[1.459s] -- Found rosidl_adapter: 3.1.6 (/opt/ros/humble/share/rosidl_adapter/cmake)
[1.477s] -- Found rosidl_generator_cpp: 3.1.6 (/opt/ros/humble/share/rosidl_generator_cpp/cmake)
[1.501s] -- Using all available rosidl_typesupport_c: rosidl_typesupport_fastrtps_c;rosidl_typesupport_introspection_c
[1.531s] -- Using all available rosidl_typesupport_cpp: rosidl_typesupport_fastrtps_cpp;rosidl_typesupport_introspection_cpp
[1.573s] -- Found nav_msgs: 4.2.4 (/opt/ros/humble/share/nav_msgs/cmake)
[1.617s] -- Found tf2: 0.25.12 (/opt/ros/humble/share/tf2/cmake)
[1.638s] -- Found tf2_ros: 0.25.12 (/opt/ros/humble/share/tf2_ros/cmake)
[1.772s] -- Found rmw_implementation_cmake: 6.1.2 (/opt/ros/humble/share/rmw_implementation_cmake/cmake)
[1.780s] -- Found rmw_fastrtps_cpp: 6.2.7 (/opt/ros/humble/share/rmw_fastrtps_cpp/cmake)
[2.824s] -- Found OpenSSL: /usr/lib/x86_64-linux-gnu/libcrypto.so (found version "3.0.2")  
[3.862s] -- Found FastRTPS: /opt/ros/humble/include  
[5.766s] -- Using RMW implementation 'rmw_fastrtps_cpp' as default
[5.788s] -- Looking for pthread.h
[5.912s] -- Looking for pthread.h - found
[5.912s] -- Performing Test CMAKE_HAVE_LIBC_PTHREAD
[6.014s] -- Performing Test CMAKE_HAVE_LIBC_PTHREAD - Success
[6.015s] -- Found Threads: TRUE  
[6.161s] -- Found tf2_geometry_msgs: 0.25.12 (/opt/ros/humble/share/tf2_geometry_msgs/cmake)
[6.216s] -- Found eigen3_cmake_module: 0.1.1 (/opt/ros/humble/share/eigen3_cmake_module/cmake)
[6.218s] -- Found Eigen3: TRUE (found version "3.4.0") 
[6.218s] -- Ensuring Eigen3 include directory is part of orocos-kdl CMake target
[6.224s] -- Found sensor_msgs: 4.2.4 (/opt/ros/humble/share/sensor_msgs/cmake)
[6.246s] -- Found visualization_msgs: 4.2.4 (/opt/ros/humble/share/visualization_msgs/cmake)
[6.269s] -- Found openslam_gmapping: 0.1.2 (/usr/local/share/openslam_gmapping/cmake)
[6.275s] -- Found ament_lint_auto: 0.12.11 (/opt/ros/humble/share/ament_lint_auto/cmake)
[6.372s] -- Added test 'cppcheck' to perform static code analysis on C / C++ code
[6.372s] -- Configured cppcheck include dirs: /home/lamp/workspaces/segnet/src/gmapper/include
[6.372s] -- Configured cppcheck exclude dirs and/or files: 
[6.373s] -- Added test 'flake8' to check Python code syntax and style conventions
[6.375s] -- Added test 'lint_cmake' to check CMake code style
[6.376s] -- Added test 'pep257' to check Python code against some of the docstring style conventions in PEP 257
[6.379s] -- Added test 'uncrustify' to check C / C++ code style
[6.379s] -- Configured uncrustify additional arguments: 
[6.380s] -- Added test 'xmllint' to check XML markup files
[6.384s] -- Configuring done
[6.398s] -- Generating done
[6.401s] -- Build files have been written to: /home/lamp/workspaces/segnet/build/gmapper
[6.412s] Invoked command in '/home/lamp/workspaces/segnet/build/gmapper' returned '0': CMAKE_PREFIX_PATH=${CMAKE_PREFIX_PATH}:/home/lamp/workspaces/segnet/install/segnet:/home/lamp/workspaces/launch_ws/install/turtlebot3_teleop:/home/lamp/workspaces/launch_ws/install/turtlebot3_example:/home/lamp/workspaces/launch_ws/install/segtect:/home/lamp/workspaces/launch_ws/install/autonomous_exploration:/home/lamp/workspaces/turtlebot3_ws/install/turtlebot3_teleop:/home/lamp/workspaces/turtlebot3_ws/install/turtlebot3_example:/opt/ros/humble /usr/bin/cmake /home/lamp/workspaces/segnet/src/gmapper -DCMAKE_INSTALL_PREFIX=/home/lamp/workspaces/segnet/install/gmapper
[6.414s] Invoking command in '/home/lamp/workspaces/segnet/build/gmapper': CMAKE_PREFIX_PATH=${CMAKE_PREFIX_PATH}:/home/lamp/workspaces/segnet/install/segnet:/home/lamp/workspaces/launch_ws/install/turtlebot3_teleop:/home/lamp/workspaces/launch_ws/install/turtlebot3_example:/home/lamp/workspaces/launch_ws/install/segtect:/home/lamp/workspaces/launch_ws/install/autonomous_exploration:/home/lamp/workspaces/turtlebot3_ws/install/turtlebot3_teleop:/home/lamp/workspaces/turtlebot3_ws/install/turtlebot3_example:/opt/ros/humble /usr/bin/cmake --build /home/lamp/workspaces/segnet/build/gmapper -- -j12 -l12
[6.457s] [ 50%] [32mBuilding CXX object CMakeFiles/gmap.dir/src/mapper.cpp.o[0m
[6.865s] In file included from [01m[K/home/lamp/workspaces/segnet/src/gmapper/include/gmapper/mapper.h:18[m[K,
[6.865s]                  from [01m[K/home/lamp/workspaces/segnet/src/gmapper/src/mapper.cpp:1[m[K:
[6.865s] [01m[K/opt/ros/humble/include/tf2_geometry_msgs/tf2_geometry_msgs/tf2_geometry_msgs.h:35:2:[m[K [01;35m[Kwarning: [m[K#warning This header is obsolete, please include tf2_geometry_msgs/tf2_geometry_msgs.hpp instead [[01;35m[K]8;;https://gcc.gnu.org/onlinedocs/gcc/Warning-Options.html#index-Wcpp-Wcpp]8;;[m[K]
[6.865s]    35 | #[01;35m[Kwarning[m[K This header is obsolete, please include tf2_geometry_msgs/tf2_geometry_msgs.hpp instead
[6.865s]       |  [01;35m[K^~~~~~~[m[K
[16.227s] [100%] [32m[1mLinking CXX executable gmap[0m
[16.760s] [100%] Built target gmap
[16.771s] Invoked command in '/home/lamp/workspaces/segnet/build/gmapper' returned '0': CMAKE_PREFIX_PATH=${CMAKE_PREFIX_PATH}:/home/lamp/workspaces/segnet/install/segnet:/home/lamp/workspaces/launch_ws/install/turtlebot3_teleop:/home/lamp/workspaces/launch_ws/install/turtlebot3_example:/home/lamp/workspaces/launch_ws/install/segtect:/home/lamp/workspaces/launch_ws/install/autonomous_exploration:/home/lamp/workspaces/turtlebot3_ws/install/turtlebot3_teleop:/home/lamp/workspaces/turtlebot3_ws/install/turtlebot3_example:/opt/ros/humble /usr/bin/cmake --build /home/lamp/workspaces/segnet/build/gmapper -- -j12 -l12
[16.780s] Invoking command in '/home/lamp/workspaces/segnet/build/gmapper': CMAKE_PREFIX_PATH=${CMAKE_PREFIX_PATH}:/home/lamp/workspaces/segnet/install/segnet:/home/lamp/workspaces/launch_ws/install/turtlebot3_teleop:/home/lamp/workspaces/launch_ws/install/turtlebot3_example:/home/lamp/workspaces/launch_ws/install/segtect:/home/lamp/workspaces/launch_ws/install/autonomous_exploration:/home/lamp/workspaces/turtlebot3_ws/install/turtlebot3_teleop:/home/lamp/workspaces/turtlebot3_ws/install/turtlebot3_example:/opt/ros/humble /usr/bin/cmake --install /home/lamp/workspaces/segnet/build/gmapper
[16.786s] -- Install configuration: ""
[16.787s] -- Installing: /home/lamp/workspaces/segnet/install/gmapper/lib/gmapper/gmap
[16.794s] -- Set runtime path of "/home/lamp/workspaces/segnet/install/gmapper/lib/gmapper/gmap" to ""
[16.794s] -- Installing: /home/lamp/workspaces/segnet/install/gmapper/share/gmapper/launch
[16.794s] -- Installing: /home/lamp/workspaces/segnet/install/gmapper/share/gmapper/launch/gmap.launch.py
[16.795s] -- Installing: /home/lamp/workspaces/segnet/install/gmapper/share/ament_index/resource_index/package_run_dependencies/gmapper
[16.795s] -- Installing: /home/lamp/workspaces/segnet/install/gmapper/share/ament_index/resource_index/parent_prefix_path/gmapper
[16.796s] -- Installing: /home/lamp/workspaces/segnet/install/gmapper/share/gmapper/environment/ament_prefix_path.sh
[16.796s] -- Installing: /home/lamp/workspaces/segnet/install/gmapper/share/gmapper/environment/ament_prefix_path.dsv
[16.796s] -- Installing: /home/lamp/workspaces/segnet/install/gmapper/share/gmapper/environment/path.sh
[16.796s] -- Installing: /home/lamp/workspaces/segnet/install/gmapper/share/gmapper/environment/path.dsv
[16.796s] -- Installing: /home/lamp/workspaces/segnet/install/gmapper/share/gmapper/local_setup.bash
[16.796s] -- Installing: /home/lamp/workspaces/segnet/install/gmapper/share/gmapper/local_setup.sh
[16.796s] -- Installing: /home/lamp/workspaces/segnet/install/gmapper/share/gmapper/local_setup.zsh
[16.797s] -- Installing: /home/lamp/workspaces/segnet/install/gmapper/share/gmapper/local_setup.dsv
[16.797s] -- Installing: /home/lamp/workspaces/segnet/install/gmapper/share/gmapper/package.dsv
[16.797s] -- Installing: /home/lamp/workspaces/segnet/install/gmapper/share/ament_index/resource_index/packages/gmapper
[16.798s] -- Installing: /home/lamp/workspaces/segnet/install/gmapper/share/gmapper/cmake/gmapperConfig.cmake
[16.798s] -- Installing: /home/lamp/workspaces/segnet/install/gmapper/share/gmapper/cmake/gmapperConfig-version.cmake
[16.798s] -- Installing: /home/lamp/workspaces/segnet/install/gmapper/share/gmapper/package.xml
[16.801s] Invoked command in '/home/lamp/workspaces/segnet/build/gmapper' returned '0': CMAKE_PREFIX_PATH=${CMAKE_PREFIX_PATH}:/home/lamp/workspaces/segnet/install/segnet:/home/lamp/workspaces/launch_ws/install/turtlebot3_teleop:/home/lamp/workspaces/launch_ws/install/turtlebot3_example:/home/lamp/workspaces/launch_ws/install/segtect:/home/lamp/workspaces/launch_ws/install/autonomous_exploration:/home/lamp/workspaces/turtlebot3_ws/install/turtlebot3_teleop:/home/lamp/workspaces/turtlebot3_ws/install/turtlebot3_example:/opt/ros/humble /usr/bin/cmake --install /home/lamp/workspaces/segnet/build/gmapper
