[0.018s] Invoking command in '/home/lamp/workspaces/segnet/build/gmapper': CMAKE_PREFIX_PATH=${CMAKE_PREFIX_PATH}:/home/lamp/workspaces/segnet/install/segnet:/home/lamp/workspaces/launch_ws/install/turtlebot3_teleop:/home/lamp/workspaces/launch_ws/install/turtlebot3_example:/home/lamp/workspaces/launch_ws/install/segtect:/home/lamp/workspaces/launch_ws/install/autonomous_exploration:/home/lamp/workspaces/turtlebot3_ws/install/turtlebot3_teleop:/home/lamp/workspaces/turtlebot3_ws/install/turtlebot3_example:/opt/ros/humble /usr/bin/cmake --build /home/lamp/workspaces/segnet/build/gmapper -- -j12 -l12
[0.065s] [35m[1mConsolidate compiler generated dependencies of target gmap[0m
[0.091s] [ 50%] [32mBuilding CXX object CMakeFiles/gmap.dir/src/mapper.cpp.o[0m
[0.390s] In file included from [01m[K/home/lamp/workspaces/segnet/src/gmapper/include/gmapper/mapper.h:19[m[K,
[0.390s]                  from [01m[K/home/lamp/workspaces/segnet/src/gmapper/src/mapper.cpp:1[m[K:
[0.390s] [01m[K/opt/ros/humble/include/tf2_geometry_msgs/tf2_geometry_msgs/tf2_geometry_msgs.h:35:2:[m[K [01;35m[Kwarning: [m[K#warning This header is obsolete, please include tf2_geometry_msgs/tf2_geometry_msgs.hpp instead [[01;35m[K]8;;https://gcc.gnu.org/onlinedocs/gcc/Warning-Options.html#index-Wcpp-Wcpp]8;;[m[K]
[0.390s]    35 | #[01;35m[Kwarning[m[K This header is obsolete, please include tf2_geometry_msgs/tf2_geometry_msgs.hpp instead
[0.390s]       |  [01;35m[K^~~~~~~[m[K
[19.587s] [100%] [32m[1mLinking CXX executable gmap[0m
[21.014s] [100%] Built target gmap
[21.038s] Invoked command in '/home/lamp/workspaces/segnet/build/gmapper' returned '0': CMAKE_PREFIX_PATH=${CMAKE_PREFIX_PATH}:/home/lamp/workspaces/segnet/install/segnet:/home/lamp/workspaces/launch_ws/install/turtlebot3_teleop:/home/lamp/workspaces/launch_ws/install/turtlebot3_example:/home/lamp/workspaces/launch_ws/install/segtect:/home/lamp/workspaces/launch_ws/install/autonomous_exploration:/home/lamp/workspaces/turtlebot3_ws/install/turtlebot3_teleop:/home/lamp/workspaces/turtlebot3_ws/install/turtlebot3_example:/opt/ros/humble /usr/bin/cmake --build /home/lamp/workspaces/segnet/build/gmapper -- -j12 -l12
[21.058s] Invoking command in '/home/lamp/workspaces/segnet/build/gmapper': CMAKE_PREFIX_PATH=${CMAKE_PREFIX_PATH}:/home/lamp/workspaces/segnet/install/segnet:/home/lamp/workspaces/launch_ws/install/turtlebot3_teleop:/home/lamp/workspaces/launch_ws/install/turtlebot3_example:/home/lamp/workspaces/launch_ws/install/segtect:/home/lamp/workspaces/launch_ws/install/autonomous_exploration:/home/lamp/workspaces/turtlebot3_ws/install/turtlebot3_teleop:/home/lamp/workspaces/turtlebot3_ws/install/turtlebot3_example:/opt/ros/humble /usr/bin/cmake --install /home/lamp/workspaces/segnet/build/gmapper
[21.076s] -- Install configuration: ""
[21.076s] -- Installing: /home/lamp/workspaces/segnet/install/gmapper/lib/gmapper/gmap
[21.111s] -- Set runtime path of "/home/lamp/workspaces/segnet/install/gmapper/lib/gmapper/gmap" to ""
[21.111s] -- Up-to-date: /home/lamp/workspaces/segnet/install/gmapper/share/gmapper/launch
[21.112s] -- Up-to-date: /home/lamp/workspaces/segnet/install/gmapper/share/gmapper/launch/gmap.launch.py
[21.112s] -- Up-to-date: /home/lamp/workspaces/segnet/install/gmapper/share/ament_index/resource_index/package_run_dependencies/gmapper
[21.112s] -- Up-to-date: /home/lamp/workspaces/segnet/install/gmapper/share/ament_index/resource_index/parent_prefix_path/gmapper
[21.112s] -- Up-to-date: /home/lamp/workspaces/segnet/install/gmapper/share/gmapper/environment/ament_prefix_path.sh
[21.112s] -- Up-to-date: /home/lamp/workspaces/segnet/install/gmapper/share/gmapper/environment/ament_prefix_path.dsv
[21.112s] -- Up-to-date: /home/lamp/workspaces/segnet/install/gmapper/share/gmapper/environment/path.sh
[21.113s] -- Up-to-date: /home/lamp/workspaces/segnet/install/gmapper/share/gmapper/environment/path.dsv
[21.113s] -- Up-to-date: /home/lamp/workspaces/segnet/install/gmapper/share/gmapper/local_setup.bash
[21.113s] -- Up-to-date: /home/lamp/workspaces/segnet/install/gmapper/share/gmapper/local_setup.sh
[21.113s] -- Up-to-date: /home/lamp/workspaces/segnet/install/gmapper/share/gmapper/local_setup.zsh
[21.113s] -- Up-to-date: /home/lamp/workspaces/segnet/install/gmapper/share/gmapper/local_setup.dsv
[21.113s] -- Installing: /home/lamp/workspaces/segnet/install/gmapper/share/gmapper/package.dsv
[21.114s] -- Up-to-date: /home/lamp/workspaces/segnet/install/gmapper/share/ament_index/resource_index/packages/gmapper
[21.114s] -- Up-to-date: /home/lamp/workspaces/segnet/install/gmapper/share/gmapper/cmake/gmapperConfig.cmake
[21.114s] -- Up-to-date: /home/lamp/workspaces/segnet/install/gmapper/share/gmapper/cmake/gmapperConfig-version.cmake
[21.114s] -- Up-to-date: /home/lamp/workspaces/segnet/install/gmapper/share/gmapper/package.xml
[21.119s] Invoked command in '/home/lamp/workspaces/segnet/build/gmapper' returned '0': CMAKE_PREFIX_PATH=${CMAKE_PREFIX_PATH}:/home/lamp/workspaces/segnet/install/segnet:/home/lamp/workspaces/launch_ws/install/turtlebot3_teleop:/home/lamp/workspaces/launch_ws/install/turtlebot3_example:/home/lamp/workspaces/launch_ws/install/segtect:/home/lamp/workspaces/launch_ws/install/autonomous_exploration:/home/lamp/workspaces/turtlebot3_ws/install/turtlebot3_teleop:/home/lamp/workspaces/turtlebot3_ws/install/turtlebot3_example:/opt/ros/humble /usr/bin/cmake --install /home/lamp/workspaces/segnet/build/gmapper
