[0.165s] DEBUG:colcon:Command line arguments: ['/usr/bin/colcon', 'build', '--packages-select', 'gmapper']
[0.165s] DEBUG:colcon:Parsed command line arguments: Namespace(log_base=None, log_level=None, verb_name='build', build_base='build', install_base='install', merge_install=False, symlink_install=False, test_result_base=None, continue_on_error=False, executor='parallel', parallel_workers=12, event_handlers=None, ignore_user_meta=False, metas=['./colcon.meta'], base_paths=['.'], packages_ignore=None, packages_ignore_regex=None, paths=None, packages_up_to=None, packages_up_to_regex=None, packages_above=None, packages_above_and_dependencies=None, packages_above_depth=None, packages_select_by_dep=None, packages_skip_by_dep=None, packages_skip_up_to=None, packages_select_build_failed=False, packages_skip_build_finished=False, packages_select_test_failures=False, packages_skip_test_passed=False, packages_select=['gmapper'], packages_skip=None, packages_select_regex=None, packages_skip_regex=None, packages_start=None, packages_end=None, allow_overriding=[], cmake_args=None, cmake_target=None, cmake_target_skip_unavailable=False, cmake_clean_cache=False, cmake_clean_first=False, cmake_force_configure=False, ament_cmake_args=None, catkin_cmake_args=None, catkin_skip_building_tests=False, mixin_files=None, mixin=None, verb_parser=<colcon_mixin.mixin.mixin_argument.MixinArgumentDecorator object at 0x7f8112722020>, verb_extension=<colcon_core.verb.build.BuildVerb object at 0x7f81126a36d0>, main=<bound method BuildVerb.main of <colcon_core.verb.build.BuildVerb object at 0x7f81126a36d0>>, mixin_verb=('build',))
[0.366s] Level 1:colcon.colcon_core.package_discovery:discover_packages(colcon_meta) check parameters
[0.366s] Level 1:colcon.colcon_core.package_discovery:discover_packages(recursive) check parameters
[0.366s] Level 1:colcon.colcon_core.package_discovery:discover_packages(ignore) check parameters
[0.366s] Level 1:colcon.colcon_core.package_discovery:discover_packages(path) check parameters
[0.366s] Level 1:colcon.colcon_core.package_discovery:discover_packages(colcon_meta) discover
[0.366s] Level 1:colcon.colcon_core.package_discovery:discover_packages(recursive) discover
[0.366s] INFO:colcon.colcon_core.package_discovery:Crawling recursively for packages in '/home/lamp/workspaces/segnet'
[0.366s] Level 1:colcon.colcon_core.package_identification:_identify(.) by extensions ['ignore', 'ignore_ament_install']
[0.366s] Level 1:colcon.colcon_core.package_identification:_identify(.) by extension 'ignore'
[0.366s] Level 1:colcon.colcon_core.package_identification:_identify(.) by extension 'ignore_ament_install'
[0.366s] Level 1:colcon.colcon_core.package_identification:_identify(.) by extensions ['colcon_pkg']
[0.366s] Level 1:colcon.colcon_core.package_identification:_identify(.) by extension 'colcon_pkg'
[0.367s] Level 1:colcon.colcon_core.package_identification:_identify(.) by extensions ['colcon_meta']
[0.367s] Level 1:colcon.colcon_core.package_identification:_identify(.) by extension 'colcon_meta'
[0.367s] Level 1:colcon.colcon_core.package_identification:_identify(.) by extensions ['ros']
[0.367s] Level 1:colcon.colcon_core.package_identification:_identify(.) by extension 'ros'
[0.393s] Level 1:colcon.colcon_core.package_identification:_identify(.) by extensions ['cmake', 'python']
[0.393s] Level 1:colcon.colcon_core.package_identification:_identify(.) by extension 'cmake'
[0.394s] Level 1:colcon.colcon_core.package_identification:_identify(.) by extension 'python'
[0.394s] Level 1:colcon.colcon_core.package_identification:_identify(.) by extensions ['python_setup_py']
[0.394s] Level 1:colcon.colcon_core.package_identification:_identify(.) by extension 'python_setup_py'
[0.394s] Level 1:colcon.colcon_core.package_identification:_identify(archive) by extensions ['ignore', 'ignore_ament_install']
[0.394s] Level 1:colcon.colcon_core.package_identification:_identify(archive) by extension 'ignore'
[0.394s] Level 1:colcon.colcon_core.package_identification:_identify(archive) ignored
[0.394s] Level 1:colcon.colcon_core.package_identification:_identify(build) by extensions ['ignore', 'ignore_ament_install']
[0.394s] Level 1:colcon.colcon_core.package_identification:_identify(build) by extension 'ignore'
[0.394s] Level 1:colcon.colcon_core.package_identification:_identify(build) ignored
[0.395s] Level 1:colcon.colcon_core.package_identification:_identify(install) by extensions ['ignore', 'ignore_ament_install']
[0.395s] Level 1:colcon.colcon_core.package_identification:_identify(install) by extension 'ignore'
[0.395s] Level 1:colcon.colcon_core.package_identification:_identify(install) ignored
[0.395s] Level 1:colcon.colcon_core.package_identification:_identify(log) by extensions ['ignore', 'ignore_ament_install']
[0.395s] Level 1:colcon.colcon_core.package_identification:_identify(log) by extension 'ignore'
[0.395s] Level 1:colcon.colcon_core.package_identification:_identify(log) ignored
[0.395s] Level 1:colcon.colcon_core.package_identification:_identify(src) by extensions ['ignore', 'ignore_ament_install']
[0.395s] Level 1:colcon.colcon_core.package_identification:_identify(src) by extension 'ignore'
[0.395s] Level 1:colcon.colcon_core.package_identification:_identify(src) by extension 'ignore_ament_install'
[0.395s] Level 1:colcon.colcon_core.package_identification:_identify(src) by extensions ['colcon_pkg']
[0.395s] Level 1:colcon.colcon_core.package_identification:_identify(src) by extension 'colcon_pkg'
[0.395s] Level 1:colcon.colcon_core.package_identification:_identify(src) by extensions ['colcon_meta']
[0.396s] Level 1:colcon.colcon_core.package_identification:_identify(src) by extension 'colcon_meta'
[0.396s] Level 1:colcon.colcon_core.package_identification:_identify(src) by extensions ['ros']
[0.396s] Level 1:colcon.colcon_core.package_identification:_identify(src) by extension 'ros'
[0.396s] Level 1:colcon.colcon_core.package_identification:_identify(src) by extensions ['cmake', 'python']
[0.396s] Level 1:colcon.colcon_core.package_identification:_identify(src) by extension 'cmake'
[0.396s] Level 1:colcon.colcon_core.package_identification:_identify(src) by extension 'python'
[0.396s] Level 1:colcon.colcon_core.package_identification:_identify(src) by extensions ['python_setup_py']
[0.396s] Level 1:colcon.colcon_core.package_identification:_identify(src) by extension 'python_setup_py'
[0.396s] Level 1:colcon.colcon_core.package_identification:_identify(src/!cmaker_ins) by extensions ['ignore', 'ignore_ament_install']
[0.396s] Level 1:colcon.colcon_core.package_identification:_identify(src/!cmaker_ins) by extension 'ignore'
[0.396s] Level 1:colcon.colcon_core.package_identification:_identify(src/!cmaker_ins) ignored
[0.396s] Level 1:colcon.colcon_core.package_identification:_identify(src/gmapper) by extensions ['ignore', 'ignore_ament_install']
[0.396s] Level 1:colcon.colcon_core.package_identification:_identify(src/gmapper) by extension 'ignore'
[0.396s] Level 1:colcon.colcon_core.package_identification:_identify(src/gmapper) by extension 'ignore_ament_install'
[0.396s] Level 1:colcon.colcon_core.package_identification:_identify(src/gmapper) by extensions ['colcon_pkg']
[0.396s] Level 1:colcon.colcon_core.package_identification:_identify(src/gmapper) by extension 'colcon_pkg'
[0.396s] Level 1:colcon.colcon_core.package_identification:_identify(src/gmapper) by extensions ['colcon_meta']
[0.396s] Level 1:colcon.colcon_core.package_identification:_identify(src/gmapper) by extension 'colcon_meta'
[0.396s] Level 1:colcon.colcon_core.package_identification:_identify(src/gmapper) by extensions ['ros']
[0.396s] Level 1:colcon.colcon_core.package_identification:_identify(src/gmapper) by extension 'ros'
[0.399s] DEBUG:colcon.colcon_core.package_identification:Package 'src/gmapper' with type 'ros.ament_cmake' and name 'gmapper'
[0.399s] Level 1:colcon.colcon_core.package_identification:_identify(src/segnet) by extensions ['ignore', 'ignore_ament_install']
[0.399s] Level 1:colcon.colcon_core.package_identification:_identify(src/segnet) by extension 'ignore'
[0.399s] Level 1:colcon.colcon_core.package_identification:_identify(src/segnet) by extension 'ignore_ament_install'
[0.399s] Level 1:colcon.colcon_core.package_identification:_identify(src/segnet) by extensions ['colcon_pkg']
[0.399s] Level 1:colcon.colcon_core.package_identification:_identify(src/segnet) by extension 'colcon_pkg'
[0.399s] Level 1:colcon.colcon_core.package_identification:_identify(src/segnet) by extensions ['colcon_meta']
[0.399s] Level 1:colcon.colcon_core.package_identification:_identify(src/segnet) by extension 'colcon_meta'
[0.399s] Level 1:colcon.colcon_core.package_identification:_identify(src/segnet) by extensions ['ros']
[0.399s] Level 1:colcon.colcon_core.package_identification:_identify(src/segnet) by extension 'ros'
[0.400s] DEBUG:colcon.colcon_core.package_identification:Package 'src/segnet' with type 'ros.ament_python' and name 'segnet'
[0.400s] Level 1:colcon.colcon_core.package_identification:_identify(tmp) by extensions ['ignore', 'ignore_ament_install']
[0.400s] Level 1:colcon.colcon_core.package_identification:_identify(tmp) by extension 'ignore'
[0.400s] Level 1:colcon.colcon_core.package_identification:_identify(tmp) by extension 'ignore_ament_install'
[0.400s] Level 1:colcon.colcon_core.package_identification:_identify(tmp) by extensions ['colcon_pkg']
[0.400s] Level 1:colcon.colcon_core.package_identification:_identify(tmp) by extension 'colcon_pkg'
[0.400s] Level 1:colcon.colcon_core.package_identification:_identify(tmp) by extensions ['colcon_meta']
[0.400s] Level 1:colcon.colcon_core.package_identification:_identify(tmp) by extension 'colcon_meta'
[0.400s] Level 1:colcon.colcon_core.package_identification:_identify(tmp) by extensions ['ros']
[0.400s] Level 1:colcon.colcon_core.package_identification:_identify(tmp) by extension 'ros'
[0.400s] Level 1:colcon.colcon_core.package_identification:_identify(tmp) by extensions ['cmake', 'python']
[0.400s] Level 1:colcon.colcon_core.package_identification:_identify(tmp) by extension 'cmake'
[0.400s] Level 1:colcon.colcon_core.package_identification:_identify(tmp) by extension 'python'
[0.400s] Level 1:colcon.colcon_core.package_identification:_identify(tmp) by extensions ['python_setup_py']
[0.400s] Level 1:colcon.colcon_core.package_identification:_identify(tmp) by extension 'python_setup_py'
[0.400s] Level 1:colcon.colcon_core.package_discovery:discover_packages(recursive) using defaults
[0.400s] Level 1:colcon.colcon_core.package_discovery:discover_packages(ignore) discover
[0.400s] Level 1:colcon.colcon_core.package_discovery:discover_packages(ignore) using defaults
[0.401s] Level 1:colcon.colcon_core.package_discovery:discover_packages(path) discover
[0.401s] Level 1:colcon.colcon_core.package_discovery:discover_packages(path) using defaults
[0.423s] INFO:colcon.colcon_core.package_selection:Skipping not selected package 'segnet' in 'src/segnet'
[0.424s] Level 1:colcon.colcon_core.package_discovery:discover_packages(prefix_path) check parameters
[0.424s] Level 1:colcon.colcon_core.package_discovery:discover_packages(prefix_path) discover
[0.428s] DEBUG:colcon.colcon_installed_package_information.package_discovery:Found 2 installed packages in /home/lamp/workspaces/segnet/install
[0.429s] DEBUG:colcon.colcon_installed_package_information.package_discovery:Found 17 installed packages in /home/lamp/workspaces/launch_ws/install
[0.430s] DEBUG:colcon.colcon_installed_package_information.package_discovery:Found 15 installed packages in /home/lamp/workspaces/turtlebot3_ws/install
[0.433s] DEBUG:colcon.colcon_installed_package_information.package_discovery:Found 447 installed packages in /opt/ros/humble
[0.434s] Level 1:colcon.colcon_core.package_discovery:discover_packages(prefix_path) using defaults
[0.489s] Level 5:colcon.colcon_core.verb:set package 'gmapper' build argument 'cmake_args' from command line to 'None'
[0.490s] Level 5:colcon.colcon_core.verb:set package 'gmapper' build argument 'cmake_target' from command line to 'None'
[0.490s] Level 5:colcon.colcon_core.verb:set package 'gmapper' build argument 'cmake_target_skip_unavailable' from command line to 'False'
[0.490s] Level 5:colcon.colcon_core.verb:set package 'gmapper' build argument 'cmake_clean_cache' from command line to 'False'
[0.490s] Level 5:colcon.colcon_core.verb:set package 'gmapper' build argument 'cmake_clean_first' from command line to 'False'
[0.490s] Level 5:colcon.colcon_core.verb:set package 'gmapper' build argument 'cmake_force_configure' from command line to 'False'
[0.490s] Level 5:colcon.colcon_core.verb:set package 'gmapper' build argument 'ament_cmake_args' from command line to 'None'
[0.490s] Level 5:colcon.colcon_core.verb:set package 'gmapper' build argument 'catkin_cmake_args' from command line to 'None'
[0.490s] Level 5:colcon.colcon_core.verb:set package 'gmapper' build argument 'catkin_skip_building_tests' from command line to 'False'
[0.490s] DEBUG:colcon.colcon_core.verb:Building package 'gmapper' with the following arguments: {'ament_cmake_args': None, 'build_base': '/home/lamp/workspaces/segnet/build/gmapper', 'catkin_cmake_args': None, 'catkin_skip_building_tests': False, 'cmake_args': None, 'cmake_clean_cache': False, 'cmake_clean_first': False, 'cmake_force_configure': False, 'cmake_target': None, 'cmake_target_skip_unavailable': False, 'install_base': '/home/lamp/workspaces/segnet/install/gmapper', 'merge_install': False, 'path': '/home/lamp/workspaces/segnet/src/gmapper', 'symlink_install': False, 'test_result_base': None}
[0.490s] INFO:colcon.colcon_core.executor:Executing jobs using 'parallel' executor
[0.492s] DEBUG:colcon.colcon_parallel_executor.executor.parallel:run_until_complete
[0.493s] INFO:colcon.colcon_ros.task.ament_cmake.build:Building ROS package in '/home/lamp/workspaces/segnet/src/gmapper' with build type 'ament_cmake'
[0.493s] INFO:colcon.colcon_cmake.task.cmake.build:Building CMake package in '/home/lamp/workspaces/segnet/src/gmapper'
[0.496s] INFO:colcon.colcon_core.plugin_system:Skipping extension 'colcon_core.shell.bat': Not used on non-Windows systems
[0.497s] INFO:colcon.colcon_core.shell:Skip shell extension 'powershell' for command environment: Not usable outside of PowerShell
[0.497s] DEBUG:colcon.colcon_core.shell:Skip shell extension 'dsv' for command environment
[0.516s] DEBUG:colcon.colcon_core.event_handler.log_command:Invoking command in '/home/lamp/workspaces/segnet/build/gmapper': CMAKE_PREFIX_PATH=${CMAKE_PREFIX_PATH}:/home/lamp/workspaces/segnet/install/segnet:/home/lamp/workspaces/launch_ws/install/turtlebot3_teleop:/home/lamp/workspaces/launch_ws/install/turtlebot3_example:/home/lamp/workspaces/launch_ws/install/segtect:/home/lamp/workspaces/launch_ws/install/autonomous_exploration:/home/lamp/workspaces/turtlebot3_ws/install/turtlebot3_teleop:/home/lamp/workspaces/turtlebot3_ws/install/turtlebot3_example:/opt/ros/humble /usr/bin/cmake --build /home/lamp/workspaces/segnet/build/gmapper -- -j12 -l12
[17.655s] DEBUG:colcon.colcon_core.event_handler.log_command:Invoked command in '/home/lamp/workspaces/segnet/build/gmapper' returned '0': CMAKE_PREFIX_PATH=${CMAKE_PREFIX_PATH}:/home/lamp/workspaces/segnet/install/segnet:/home/lamp/workspaces/launch_ws/install/turtlebot3_teleop:/home/lamp/workspaces/launch_ws/install/turtlebot3_example:/home/lamp/workspaces/launch_ws/install/segtect:/home/lamp/workspaces/launch_ws/install/autonomous_exploration:/home/lamp/workspaces/turtlebot3_ws/install/turtlebot3_teleop:/home/lamp/workspaces/turtlebot3_ws/install/turtlebot3_example:/opt/ros/humble /usr/bin/cmake --build /home/lamp/workspaces/segnet/build/gmapper -- -j12 -l12
[17.666s] DEBUG:colcon.colcon_core.event_handler.log_command:Invoking command in '/home/lamp/workspaces/segnet/build/gmapper': CMAKE_PREFIX_PATH=${CMAKE_PREFIX_PATH}:/home/lamp/workspaces/segnet/install/segnet:/home/lamp/workspaces/launch_ws/install/turtlebot3_teleop:/home/lamp/workspaces/launch_ws/install/turtlebot3_example:/home/lamp/workspaces/launch_ws/install/segtect:/home/lamp/workspaces/launch_ws/install/autonomous_exploration:/home/lamp/workspaces/turtlebot3_ws/install/turtlebot3_teleop:/home/lamp/workspaces/turtlebot3_ws/install/turtlebot3_example:/opt/ros/humble /usr/bin/cmake --install /home/lamp/workspaces/segnet/build/gmapper
[17.693s] Level 1:colcon.colcon_core.environment:create_environment_scripts_only(gmapper)
[17.694s] DEBUG:colcon.colcon_core.event_handler.log_command:Invoked command in '/home/lamp/workspaces/segnet/build/gmapper' returned '0': CMAKE_PREFIX_PATH=${CMAKE_PREFIX_PATH}:/home/lamp/workspaces/segnet/install/segnet:/home/lamp/workspaces/launch_ws/install/turtlebot3_teleop:/home/lamp/workspaces/launch_ws/install/turtlebot3_example:/home/lamp/workspaces/launch_ws/install/segtect:/home/lamp/workspaces/launch_ws/install/autonomous_exploration:/home/lamp/workspaces/turtlebot3_ws/install/turtlebot3_teleop:/home/lamp/workspaces/turtlebot3_ws/install/turtlebot3_example:/opt/ros/humble /usr/bin/cmake --install /home/lamp/workspaces/segnet/build/gmapper
[17.698s] Level 1:colcon.colcon_core.environment:checking '/home/lamp/workspaces/segnet/install/gmapper' for CMake module files
[17.698s] Level 1:colcon.colcon_core.environment:checking '/home/lamp/workspaces/segnet/install/gmapper' for CMake config files
[17.699s] Level 1:colcon.colcon_core.shell:create_environment_hook('gmapper', 'cmake_prefix_path')
[17.699s] INFO:colcon.colcon_core.shell:Creating environment hook '/home/lamp/workspaces/segnet/install/gmapper/share/gmapper/hook/cmake_prefix_path.ps1'
[17.700s] INFO:colcon.colcon_core.shell:Creating environment descriptor '/home/lamp/workspaces/segnet/install/gmapper/share/gmapper/hook/cmake_prefix_path.dsv'
[17.700s] INFO:colcon.colcon_core.shell:Creating environment hook '/home/lamp/workspaces/segnet/install/gmapper/share/gmapper/hook/cmake_prefix_path.sh'
[17.701s] Level 1:colcon.colcon_core.environment:checking '/home/lamp/workspaces/segnet/install/gmapper/lib'
[17.701s] Level 1:colcon.colcon_core.environment:checking '/home/lamp/workspaces/segnet/install/gmapper/bin'
[17.701s] Level 1:colcon.colcon_core.environment:checking '/home/lamp/workspaces/segnet/install/gmapper/lib/pkgconfig/gmapper.pc'
[17.702s] Level 1:colcon.colcon_core.environment:checking '/home/lamp/workspaces/segnet/install/gmapper/lib/python3.10/site-packages'
[17.702s] Level 1:colcon.colcon_core.environment:checking '/home/lamp/workspaces/segnet/install/gmapper/bin'
[17.702s] INFO:colcon.colcon_core.shell:Creating package script '/home/lamp/workspaces/segnet/install/gmapper/share/gmapper/package.ps1'
[17.703s] INFO:colcon.colcon_core.shell:Creating package descriptor '/home/lamp/workspaces/segnet/install/gmapper/share/gmapper/package.dsv'
[17.703s] INFO:colcon.colcon_core.shell:Creating package script '/home/lamp/workspaces/segnet/install/gmapper/share/gmapper/package.sh'
[17.704s] INFO:colcon.colcon_core.shell:Creating package script '/home/lamp/workspaces/segnet/install/gmapper/share/gmapper/package.bash'
[17.705s] INFO:colcon.colcon_core.shell:Creating package script '/home/lamp/workspaces/segnet/install/gmapper/share/gmapper/package.zsh'
[17.705s] Level 1:colcon.colcon_core.environment:create_file_with_runtime_dependencies(/home/lamp/workspaces/segnet/install/gmapper/share/colcon-core/packages/gmapper)
[17.706s] Level 1:colcon.colcon_core.environment:create_environment_scripts_only(gmapper)
[17.706s] Level 1:colcon.colcon_core.environment:checking '/home/lamp/workspaces/segnet/install/gmapper' for CMake module files
[17.706s] Level 1:colcon.colcon_core.environment:checking '/home/lamp/workspaces/segnet/install/gmapper' for CMake config files
[17.706s] Level 1:colcon.colcon_core.shell:create_environment_hook('gmapper', 'cmake_prefix_path')
[17.707s] INFO:colcon.colcon_core.shell:Creating environment hook '/home/lamp/workspaces/segnet/install/gmapper/share/gmapper/hook/cmake_prefix_path.ps1'
[17.707s] INFO:colcon.colcon_core.shell:Creating environment descriptor '/home/lamp/workspaces/segnet/install/gmapper/share/gmapper/hook/cmake_prefix_path.dsv'
[17.707s] INFO:colcon.colcon_core.shell:Creating environment hook '/home/lamp/workspaces/segnet/install/gmapper/share/gmapper/hook/cmake_prefix_path.sh'
[17.708s] Level 1:colcon.colcon_core.environment:checking '/home/lamp/workspaces/segnet/install/gmapper/lib'
[17.708s] Level 1:colcon.colcon_core.environment:checking '/home/lamp/workspaces/segnet/install/gmapper/bin'
[17.708s] Level 1:colcon.colcon_core.environment:checking '/home/lamp/workspaces/segnet/install/gmapper/lib/pkgconfig/gmapper.pc'
[17.708s] Level 1:colcon.colcon_core.environment:checking '/home/lamp/workspaces/segnet/install/gmapper/lib/python3.10/site-packages'
[17.708s] Level 1:colcon.colcon_core.environment:checking '/home/lamp/workspaces/segnet/install/gmapper/bin'
[17.709s] INFO:colcon.colcon_core.shell:Creating package script '/home/lamp/workspaces/segnet/install/gmapper/share/gmapper/package.ps1'
[17.709s] INFO:colcon.colcon_core.shell:Creating package descriptor '/home/lamp/workspaces/segnet/install/gmapper/share/gmapper/package.dsv'
[17.710s] INFO:colcon.colcon_core.shell:Creating package script '/home/lamp/workspaces/segnet/install/gmapper/share/gmapper/package.sh'
[17.710s] INFO:colcon.colcon_core.shell:Creating package script '/home/lamp/workspaces/segnet/install/gmapper/share/gmapper/package.bash'
[17.711s] INFO:colcon.colcon_core.shell:Creating package script '/home/lamp/workspaces/segnet/install/gmapper/share/gmapper/package.zsh'
[17.711s] Level 1:colcon.colcon_core.environment:create_file_with_runtime_dependencies(/home/lamp/workspaces/segnet/install/gmapper/share/colcon-core/packages/gmapper)
[17.712s] DEBUG:colcon.colcon_parallel_executor.executor.parallel:closing loop
[17.713s] DEBUG:colcon.colcon_parallel_executor.executor.parallel:loop closed
[17.713s] DEBUG:colcon.colcon_parallel_executor.executor.parallel:run_until_complete finished with '0'
[17.713s] DEBUG:colcon.colcon_core.event_reactor:joining thread
[17.748s] INFO:colcon.colcon_core.plugin_system:Skipping extension 'colcon_notification.desktop_notification.notify_send': Could not find 'notify-send'
[17.748s] INFO:colcon.colcon_core.plugin_system:Skipping extension 'colcon_notification.desktop_notification.terminal_notifier': Not used on non-Darwin systems
[17.748s] INFO:colcon.colcon_core.plugin_system:Skipping extension 'colcon_notification.desktop_notification.win32': Not used on non-Windows systems
[17.748s] INFO:colcon.colcon_notification.desktop_notification:Sending desktop notification using 'notify2'
[17.750s] DEBUG:colcon.colcon_notification.desktop_notification.notify2:Failed to initialize notify2: org.freedesktop.DBus.Error.ServiceUnknown: The name org.freedesktop.Notifications was not provided by any .service files
[17.750s] DEBUG:colcon.colcon_core.event_reactor:joined thread
[17.750s] INFO:colcon.colcon_core.shell:Creating prefix script '/home/lamp/workspaces/segnet/install/local_setup.ps1'
[17.751s] INFO:colcon.colcon_core.shell:Creating prefix util module '/home/lamp/workspaces/segnet/install/_local_setup_util_ps1.py'
[17.753s] INFO:colcon.colcon_core.shell:Creating prefix chain script '/home/lamp/workspaces/segnet/install/setup.ps1'
[17.755s] INFO:colcon.colcon_core.shell:Creating prefix script '/home/lamp/workspaces/segnet/install/local_setup.sh'
[17.755s] INFO:colcon.colcon_core.shell:Creating prefix util module '/home/lamp/workspaces/segnet/install/_local_setup_util_sh.py'
[17.756s] INFO:colcon.colcon_core.shell:Creating prefix chain script '/home/lamp/workspaces/segnet/install/setup.sh'
[17.758s] INFO:colcon.colcon_core.shell:Creating prefix script '/home/lamp/workspaces/segnet/install/local_setup.bash'
[17.759s] INFO:colcon.colcon_core.shell:Creating prefix chain script '/home/lamp/workspaces/segnet/install/setup.bash'
[17.761s] INFO:colcon.colcon_core.shell:Creating prefix script '/home/lamp/workspaces/segnet/install/local_setup.zsh'
[17.762s] INFO:colcon.colcon_core.shell:Creating prefix chain script '/home/lamp/workspaces/segnet/install/setup.zsh'
