In file included from [01m[K/home/lamp/workspaces/segnet/src/gmapper/include/gmapper/mapper.h:18[m[K,
                 from [01m[K/home/lamp/workspaces/segnet/src/gmapper/src/mapper.cpp:1[m[K:
[01m[K/opt/ros/humble/include/tf2_geometry_msgs/tf2_geometry_msgs/tf2_geometry_msgs.h:35:2:[m[K [01;35m[Kwarning: [m[K#warning This header is obsolete, please include tf2_geometry_msgs/tf2_geometry_msgs.hpp instead [[01;35m[K]8;;https://gcc.gnu.org/onlinedocs/gcc/Warning-Options.html#index-Wcpp-Wcpp]8;;[m[K]
   35 | #[01;35m[Kwarning[m[K This header is obsolete, please include tf2_geometry_msgs/tf2_geometry_msgs.hpp instead
      |  [01;35m[K^~~~~~~[m[K
In file included from [01m[K/home/lamp/workspaces/segnet/src/gmapper/src/mapper.cpp:1[m[K:
[01m[K/home/lamp/workspaces/segnet/src/gmapper/include/gmapper/mapper.h:46:41:[m[K [01;31m[Kerror: [m[K‘[01m[KString[m[K’ is not a member of ‘[01m[Kstd_msgs::msg[m[K’
   46 |     rclcpp::Subscription<std_msgs::msg::[01;31m[KString[m[K>::SharedPtr segnet_sub_;
      |                                         [01;31m[K^~~~~~[m[K
[01m[K/home/lamp/workspaces/segnet/src/gmapper/include/gmapper/mapper.h:46:47:[m[K [01;31m[Kerror: [m[Ktemplate argument 1 is invalid
   46 |     rclcpp::Subscription<std_msgs::msg::String[01;31m[K>[m[K::SharedPtr segnet_sub_;
      |                                               [01;31m[K^[m[K
[01m[K/home/lamp/workspaces/segnet/src/gmapper/include/gmapper/mapper.h:46:47:[m[K [01;31m[Kerror: [m[Ktemplate argument 3 is invalid
[01m[K/home/lamp/workspaces/segnet/src/gmapper/include/gmapper/mapper.h:46:47:[m[K [01;31m[Kerror: [m[Ktemplate argument 4 is invalid
[01m[K/home/lamp/workspaces/segnet/src/gmapper/include/gmapper/mapper.h:46:47:[m[K [01;31m[Kerror: [m[Ktemplate argument 5 is invalid
[01m[K/home/lamp/workspaces/segnet/src/gmapper/include/gmapper/mapper.h:46:50:[m[K [01;31m[Kerror: [m[Kexpected ‘[01m[K;[m[K’ at end of member declaration
   46 |     rclcpp::Subscription<std_msgs::msg::String>::[01;31m[KSharedPtr[m[K segnet_sub_;
      |                                                  [01;31m[K^~~~~~~~~[m[K
      |                                                           [32m[K;[m[K
[01m[K/home/lamp/workspaces/segnet/src/gmapper/include/gmapper/mapper.h:46:60:[m[K [01;31m[Kerror: [m[K‘[01m[Ksegnet_sub_[m[K’ does not name a type
   46 |     rclcpp::Subscription<std_msgs::msg::String>::SharedPtr [01;31m[Ksegnet_sub_[m[K;
      |                                                            [01;31m[K^~~~~~~~~~~[m[K
[01m[K/home/lamp/workspaces/segnet/src/gmapper/include/gmapper/mapper.h:89:46:[m[K [01;31m[Kerror: [m[K‘[01m[KString[m[K’ in namespace ‘[01m[Kstd_msgs::msg[m[K’ does not name a type
   89 |     void segnetCallback(const std_msgs::msg::[01;31m[KString[m[K::SharedPtr msg);
      |                                              [01;31m[K^~~~~~[m[K
[01m[K/home/lamp/workspaces/segnet/src/gmapper/include/gmapper/mapper.h:89:64:[m[K [01;31m[Kerror: [m[Kexpected unqualified-id before ‘[01m[Kmsg[m[K’
   89 |     void segnetCallback(const std_msgs::msg::String::SharedPtr [01;31m[Kmsg[m[K);
      |                                                                [01;31m[K^~~[m[K
[01m[K/home/lamp/workspaces/segnet/src/gmapper/include/gmapper/mapper.h:89:63:[m[K [01;31m[Kerror: [m[Kexpected ‘[01m[K)[m[K’ before ‘[01m[Kmsg[m[K’
   89 |     void segnetCallback[34m[K([m[Kconst std_msgs::msg::String::SharedPtr[01;31m[K [m[K[32m[Kmsg[m[K);
      |                        [34m[K~[m[K                                      [01;31m[K^[m[K[32m[K~~~[m[K
      |                                                               [32m[K)[m[K
[01m[K/home/lamp/workspaces/segnet/src/gmapper/include/gmapper/mapper.h:89:54:[m[K [01;31m[Kerror: [m[Kexpected ‘[01m[K;[m[K’ at end of member declaration
   89 |     void segnetCallback(const std_msgs::msg::String::[01;31m[KSharedPtr[m[K msg);
      |                                                      [01;31m[K^~~~~~~~~[m[K
      |                                                               [32m[K;[m[K
[01m[K/home/lamp/workspaces/segnet/src/gmapper/include/gmapper/mapper.h:89:64:[m[K [01;31m[Kerror: [m[K‘[01m[Kmsg[m[K’ does not name a type
   89 |     void segnetCallback(const std_msgs::msg::String::SharedPtr [01;31m[Kmsg[m[K);
      |                                                                [01;31m[K^~~[m[K
[01m[K/home/lamp/workspaces/segnet/src/gmapper/src/mapper.cpp:[m[K In member function ‘[01m[Kvoid SlamGmapping::startLiveSlam()[m[K’:
[01m[K/home/lamp/workspaces/segnet/src/gmapper/src/mapper.cpp:88:5:[m[K [01;31m[Kerror: [m[K‘[01m[Ksegnet_sub_[m[K’ was not declared in this scope
   88 |     [01;31m[Ksegnet_sub_[m[K = this->create_subscription<std_msgs::msg::String>(
      |     [01;31m[K^~~~~~~~~~~[m[K
[01m[K/home/lamp/workspaces/segnet/src/gmapper/src/mapper.cpp:88:60:[m[K [01;31m[Kerror: [m[K‘[01m[KString[m[K’ is not a member of ‘[01m[Kstd_msgs::msg[m[K’
   88 |     segnet_sub_ = this->create_subscription<std_msgs::msg::[01;31m[KString[m[K>(
      |                                                            [01;31m[K^~~~~~[m[K
[01m[K/home/lamp/workspaces/segnet/src/gmapper/src/mapper.cpp:88:67:[m[K [01;31m[Kerror: [m[Kno matching function for call to ‘[01m[KSlamGmapping::create_subscription<<expression error> >(const char [8], rclcpp::SystemDefaultsQoS, std::_Bind_helper<false, void (SlamGmapping::*)(...), SlamGmapping*, const std::_Placeholder<1>&>::type)[m[K’
   88 |     segnet_sub_ = [01;31m[Kthis->create_subscription<std_msgs::msg::String>([m[K
      |                   [01;31m[K~~~~~~~~~~~~~~~~~~~~~~~~~~~~~~~~~~~~~~~~~~~~~~~~^[m[K
   89 | [01;31m[K        "/segnet", rclcpp::SystemDefaultsQoS(),[m[K
      |         [01;31m[K~~~~~~~~~~~~~~~~~~~~~~~~~~~~~~~~~~~~~~~[m[K                    
   90 | [01;31m[K        std::bind(&SlamGmapping::segnetCallback, this, std::placeholders::_1)[m[K
      |         [01;31m[K~~~~~~~~~~~~~~~~~~~~~~~~~~~~~~~~~~~~~~~~~~~~~~~~~~~~~~~~~~~~~~~~~~~~~[m[K
   91 | [01;31m[K    )[m[K;
      |     [01;31m[K~[m[K                                                              
In file included from [01m[K/opt/ros/humble/include/rclcpp/rclcpp/executors/single_threaded_executor.hpp:28[m[K,
                 from [01m[K/opt/ros/humble/include/rclcpp/rclcpp/executors.hpp:22[m[K,
                 from [01m[K/opt/ros/humble/include/rclcpp/rclcpp/rclcpp.hpp:155[m[K,
                 from [01m[K/home/lamp/workspaces/segnet/src/gmapper/include/gmapper/mapper.h:9[m[K,
                 from [01m[K/home/lamp/workspaces/segnet/src/gmapper/src/mapper.cpp:1[m[K:
[01m[K/opt/ros/humble/include/rclcpp/rclcpp/node.hpp:219:3:[m[K [01;36m[Knote: [m[Kcandidate: ‘[01m[Ktemplate<class MessageT, class CallbackT, class AllocatorT, class SubscriptionT, class MessageMemoryStrategyT> std::shared_ptr<ROSMessageT> rclcpp::Node::create_subscription(const string&, const rclcpp::QoS&, CallbackT&&, const rclcpp::SubscriptionOptionsWithAllocator<AllocatorT>&, typename MessageMemoryStrategyT::SharedPtr)[m[K’
  219 |   [01;36m[Kcreate_subscription[m[K(
      |   [01;36m[K^~~~~~~~~~~~~~~~~~~[m[K
[01m[K/opt/ros/humble/include/rclcpp/rclcpp/node.hpp:219:3:[m[K [01;36m[Knote: [m[K  template argument deduction/substitution failed:
[01m[K/home/lamp/workspaces/segnet/src/gmapper/src/mapper.cpp:88:67:[m[K [01;31m[Kerror: [m[Ktemplate argument 1 is invalid
   88 |     segnet_sub_ = [01;31m[Kthis->create_subscription<std_msgs::msg::String>([m[K
      |                   [01;31m[K~~~~~~~~~~~~~~~~~~~~~~~~~~~~~~~~~~~~~~~~~~~~~~~~^[m[K
   89 | [01;31m[K        "/segnet", rclcpp::SystemDefaultsQoS(),[m[K
      |         [01;31m[K~~~~~~~~~~~~~~~~~~~~~~~~~~~~~~~~~~~~~~~[m[K                    
   90 | [01;31m[K        std::bind(&SlamGmapping::segnetCallback, this, std::placeholders::_1)[m[K
      |         [01;31m[K~~~~~~~~~~~~~~~~~~~~~~~~~~~~~~~~~~~~~~~~~~~~~~~~~~~~~~~~~~~~~~~~~~~~~[m[K
   91 | [01;31m[K    )[m[K;
      |     [01;31m[K~[m[K                                                              
[01m[K/home/lamp/workspaces/segnet/src/gmapper/src/mapper.cpp:[m[K At global scope:
[01m[K/home/lamp/workspaces/segnet/src/gmapper/src/mapper.cpp:94:56:[m[K [01;31m[Kerror: [m[K‘[01m[KString[m[K’ in namespace ‘[01m[Kstd_msgs::msg[m[K’ does not name a type
   94 | void SlamGmapping::segnetCallback(const std_msgs::msg::[01;31m[KString[m[K::SharedPtr msg)
      |                                                        [01;31m[K^~~~~~[m[K
[01m[K/home/lamp/workspaces/segnet/src/gmapper/src/mapper.cpp:94:74:[m[K [01;31m[Kerror: [m[Kexpected unqualified-id before ‘[01m[Kmsg[m[K’
   94 | void SlamGmapping::segnetCallback(const std_msgs::msg::String::SharedPtr [01;31m[Kmsg[m[K)
      |                                                                          [01;31m[K^~~[m[K
[01m[K/home/lamp/workspaces/segnet/src/gmapper/src/mapper.cpp:94:73:[m[K [01;31m[Kerror: [m[Kexpected ‘[01m[K)[m[K’ before ‘[01m[Kmsg[m[K’
   94 | void SlamGmapping::segnetCallback[34m[K([m[Kconst std_msgs::msg::String::SharedPtr[01;31m[K [m[K[32m[Kmsg[m[K)
      |                                  [34m[K~[m[K                                      [01;31m[K^[m[K[32m[K~~~[m[K
      |                                                                         [32m[K)[m[K
[01m[K/home/lamp/workspaces/segnet/src/gmapper/src/mapper.cpp:94:74:[m[K [01;31m[Kerror: [m[Kexpected initializer before ‘[01m[Kmsg[m[K’
   94 | void SlamGmapping::segnetCallback(const std_msgs::msg::String::SharedPtr [01;31m[Kmsg[m[K)
      |                                                                          [01;31m[K^~~[m[K
gmake[2]: *** [CMakeFiles/gmap.dir/build.make:76: CMakeFiles/gmap.dir/src/mapper.cpp.o] Error 1
gmake[1]: *** [CMakeFiles/Makefile2:137: CMakeFiles/gmap.dir/all] Error 2
gmake: *** [Makefile:146: all] Error 2
