[0.155s] DEBUG:colcon:Command line arguments: ['/usr/bin/colcon', 'build']
[0.156s] DEBUG:colcon:Parsed command line arguments: Namespace(log_base=None, log_level=None, verb_name='build', build_base='build', install_base='install', merge_install=False, symlink_install=False, test_result_base=None, continue_on_error=False, executor='parallel', parallel_workers=12, event_handlers=None, ignore_user_meta=False, metas=['./colcon.meta'], base_paths=['.'], packages_ignore=None, packages_ignore_regex=None, paths=None, packages_up_to=None, packages_up_to_regex=None, packages_above=None, packages_above_and_dependencies=None, packages_above_depth=None, packages_select_by_dep=None, packages_skip_by_dep=None, packages_skip_up_to=None, packages_select_build_failed=False, packages_skip_build_finished=False, packages_select_test_failures=False, packages_skip_test_passed=False, packages_select=None, packages_skip=None, packages_select_regex=None, packages_skip_regex=None, packages_start=None, packages_end=None, allow_overriding=[], cmake_args=None, cmake_target=None, cmake_target_skip_unavailable=False, cmake_clean_cache=False, cmake_clean_first=False, cmake_force_configure=False, ament_cmake_args=None, catkin_cmake_args=None, catkin_skip_building_tests=False, mixin_files=None, mixin=None, verb_parser=<colcon_mixin.mixin.mixin_argument.MixinArgumentDecorator object at 0x7fa170075ff0>, verb_extension=<colcon_core.verb.build.BuildVerb object at 0x7fa16fff36a0>, main=<bound method BuildVerb.main of <colcon_core.verb.build.BuildVerb object at 0x7fa16fff36a0>>, mixin_verb=('build',))
[0.306s] Level 1:colcon.colcon_core.package_discovery:discover_packages(colcon_meta) check parameters
[0.306s] Level 1:colcon.colcon_core.package_discovery:discover_packages(recursive) check parameters
[0.306s] Level 1:colcon.colcon_core.package_discovery:discover_packages(ignore) check parameters
[0.306s] Level 1:colcon.colcon_core.package_discovery:discover_packages(path) check parameters
[0.306s] Level 1:colcon.colcon_core.package_discovery:discover_packages(colcon_meta) discover
[0.306s] Level 1:colcon.colcon_core.package_discovery:discover_packages(recursive) discover
[0.306s] INFO:colcon.colcon_core.package_discovery:Crawling recursively for packages in '/home/lamp/workspaces/segnet'
[0.306s] Level 1:colcon.colcon_core.package_identification:_identify(.) by extensions ['ignore', 'ignore_ament_install']
[0.306s] Level 1:colcon.colcon_core.package_identification:_identify(.) by extension 'ignore'
[0.306s] Level 1:colcon.colcon_core.package_identification:_identify(.) by extension 'ignore_ament_install'
[0.307s] Level 1:colcon.colcon_core.package_identification:_identify(.) by extensions ['colcon_pkg']
[0.307s] Level 1:colcon.colcon_core.package_identification:_identify(.) by extension 'colcon_pkg'
[0.307s] Level 1:colcon.colcon_core.package_identification:_identify(.) by extensions ['colcon_meta']
[0.307s] Level 1:colcon.colcon_core.package_identification:_identify(.) by extension 'colcon_meta'
[0.307s] Level 1:colcon.colcon_core.package_identification:_identify(.) by extensions ['ros']
[0.307s] Level 1:colcon.colcon_core.package_identification:_identify(.) by extension 'ros'
[0.321s] Level 1:colcon.colcon_core.package_identification:_identify(.) by extensions ['cmake', 'python']
[0.321s] Level 1:colcon.colcon_core.package_identification:_identify(.) by extension 'cmake'
[0.322s] Level 1:colcon.colcon_core.package_identification:_identify(.) by extension 'python'
[0.322s] Level 1:colcon.colcon_core.package_identification:_identify(.) by extensions ['python_setup_py']
[0.322s] Level 1:colcon.colcon_core.package_identification:_identify(.) by extension 'python_setup_py'
[0.322s] Level 1:colcon.colcon_core.package_identification:_identify(archive) by extensions ['ignore', 'ignore_ament_install']
[0.322s] Level 1:colcon.colcon_core.package_identification:_identify(archive) by extension 'ignore'
[0.322s] Level 1:colcon.colcon_core.package_identification:_identify(archive) ignored
[0.322s] Level 1:colcon.colcon_core.package_identification:_identify(build) by extensions ['ignore', 'ignore_ament_install']
[0.322s] Level 1:colcon.colcon_core.package_identification:_identify(build) by extension 'ignore'
[0.322s] Level 1:colcon.colcon_core.package_identification:_identify(build) ignored
[0.322s] Level 1:colcon.colcon_core.package_identification:_identify(install) by extensions ['ignore', 'ignore_ament_install']
[0.322s] Level 1:colcon.colcon_core.package_identification:_identify(install) by extension 'ignore'
[0.322s] Level 1:colcon.colcon_core.package_identification:_identify(install) ignored
[0.322s] Level 1:colcon.colcon_core.package_identification:_identify(log) by extensions ['ignore', 'ignore_ament_install']
[0.322s] Level 1:colcon.colcon_core.package_identification:_identify(log) by extension 'ignore'
[0.322s] Level 1:colcon.colcon_core.package_identification:_identify(log) ignored
[0.322s] Level 1:colcon.colcon_core.package_identification:_identify(src) by extensions ['ignore', 'ignore_ament_install']
[0.323s] Level 1:colcon.colcon_core.package_identification:_identify(src) by extension 'ignore'
[0.323s] Level 1:colcon.colcon_core.package_identification:_identify(src) by extension 'ignore_ament_install'
[0.323s] Level 1:colcon.colcon_core.package_identification:_identify(src) by extensions ['colcon_pkg']
[0.323s] Level 1:colcon.colcon_core.package_identification:_identify(src) by extension 'colcon_pkg'
[0.323s] Level 1:colcon.colcon_core.package_identification:_identify(src) by extensions ['colcon_meta']
[0.323s] Level 1:colcon.colcon_core.package_identification:_identify(src) by extension 'colcon_meta'
[0.323s] Level 1:colcon.colcon_core.package_identification:_identify(src) by extensions ['ros']
[0.323s] Level 1:colcon.colcon_core.package_identification:_identify(src) by extension 'ros'
[0.323s] Level 1:colcon.colcon_core.package_identification:_identify(src) by extensions ['cmake', 'python']
[0.323s] Level 1:colcon.colcon_core.package_identification:_identify(src) by extension 'cmake'
[0.323s] Level 1:colcon.colcon_core.package_identification:_identify(src) by extension 'python'
[0.323s] Level 1:colcon.colcon_core.package_identification:_identify(src) by extensions ['python_setup_py']
[0.323s] Level 1:colcon.colcon_core.package_identification:_identify(src) by extension 'python_setup_py'
[0.323s] Level 1:colcon.colcon_core.package_identification:_identify(src/!cmaker_ins) by extensions ['ignore', 'ignore_ament_install']
[0.323s] Level 1:colcon.colcon_core.package_identification:_identify(src/!cmaker_ins) by extension 'ignore'
[0.323s] Level 1:colcon.colcon_core.package_identification:_identify(src/!cmaker_ins) ignored
[0.323s] Level 1:colcon.colcon_core.package_identification:_identify(src/gmapper) by extensions ['ignore', 'ignore_ament_install']
[0.324s] Level 1:colcon.colcon_core.package_identification:_identify(src/gmapper) by extension 'ignore'
[0.324s] Level 1:colcon.colcon_core.package_identification:_identify(src/gmapper) by extension 'ignore_ament_install'
[0.324s] Level 1:colcon.colcon_core.package_identification:_identify(src/gmapper) by extensions ['colcon_pkg']
[0.324s] Level 1:colcon.colcon_core.package_identification:_identify(src/gmapper) by extension 'colcon_pkg'
[0.324s] Level 1:colcon.colcon_core.package_identification:_identify(src/gmapper) by extensions ['colcon_meta']
[0.324s] Level 1:colcon.colcon_core.package_identification:_identify(src/gmapper) by extension 'colcon_meta'
[0.324s] Level 1:colcon.colcon_core.package_identification:_identify(src/gmapper) by extensions ['ros']
[0.324s] Level 1:colcon.colcon_core.package_identification:_identify(src/gmapper) by extension 'ros'
[0.326s] DEBUG:colcon.colcon_core.package_identification:Package 'src/gmapper' with type 'ros.ament_cmake' and name 'gmapper'
[0.326s] Level 1:colcon.colcon_core.package_identification:_identify(src/segnet) by extensions ['ignore', 'ignore_ament_install']
[0.326s] Level 1:colcon.colcon_core.package_identification:_identify(src/segnet) by extension 'ignore'
[0.326s] Level 1:colcon.colcon_core.package_identification:_identify(src/segnet) by extension 'ignore_ament_install'
[0.326s] Level 1:colcon.colcon_core.package_identification:_identify(src/segnet) by extensions ['colcon_pkg']
[0.326s] Level 1:colcon.colcon_core.package_identification:_identify(src/segnet) by extension 'colcon_pkg'
[0.326s] Level 1:colcon.colcon_core.package_identification:_identify(src/segnet) by extensions ['colcon_meta']
[0.326s] Level 1:colcon.colcon_core.package_identification:_identify(src/segnet) by extension 'colcon_meta'
[0.326s] Level 1:colcon.colcon_core.package_identification:_identify(src/segnet) by extensions ['ros']
[0.326s] Level 1:colcon.colcon_core.package_identification:_identify(src/segnet) by extension 'ros'
[0.326s] DEBUG:colcon.colcon_core.package_identification:Package 'src/segnet' with type 'ros.ament_python' and name 'segnet'
[0.326s] Level 1:colcon.colcon_core.package_identification:_identify(tmp) by extensions ['ignore', 'ignore_ament_install']
[0.327s] Level 1:colcon.colcon_core.package_identification:_identify(tmp) by extension 'ignore'
[0.327s] Level 1:colcon.colcon_core.package_identification:_identify(tmp) by extension 'ignore_ament_install'
[0.327s] Level 1:colcon.colcon_core.package_identification:_identify(tmp) by extensions ['colcon_pkg']
[0.327s] Level 1:colcon.colcon_core.package_identification:_identify(tmp) by extension 'colcon_pkg'
[0.327s] Level 1:colcon.colcon_core.package_identification:_identify(tmp) by extensions ['colcon_meta']
[0.327s] Level 1:colcon.colcon_core.package_identification:_identify(tmp) by extension 'colcon_meta'
[0.327s] Level 1:colcon.colcon_core.package_identification:_identify(tmp) by extensions ['ros']
[0.327s] Level 1:colcon.colcon_core.package_identification:_identify(tmp) by extension 'ros'
[0.327s] Level 1:colcon.colcon_core.package_identification:_identify(tmp) by extensions ['cmake', 'python']
[0.327s] Level 1:colcon.colcon_core.package_identification:_identify(tmp) by extension 'cmake'
[0.327s] Level 1:colcon.colcon_core.package_identification:_identify(tmp) by extension 'python'
[0.327s] Level 1:colcon.colcon_core.package_identification:_identify(tmp) by extensions ['python_setup_py']
[0.327s] Level 1:colcon.colcon_core.package_identification:_identify(tmp) by extension 'python_setup_py'
[0.327s] Level 1:colcon.colcon_core.package_discovery:discover_packages(recursive) using defaults
[0.327s] Level 1:colcon.colcon_core.package_discovery:discover_packages(ignore) discover
[0.327s] Level 1:colcon.colcon_core.package_discovery:discover_packages(ignore) using defaults
[0.327s] Level 1:colcon.colcon_core.package_discovery:discover_packages(path) discover
[0.327s] Level 1:colcon.colcon_core.package_discovery:discover_packages(path) using defaults
[0.341s] Level 1:colcon.colcon_core.package_discovery:discover_packages(prefix_path) check parameters
[0.341s] Level 1:colcon.colcon_core.package_discovery:discover_packages(prefix_path) discover
[0.343s] DEBUG:colcon.colcon_installed_package_information.package_discovery:Found 2 installed packages in /home/lamp/workspaces/segnet/install
[0.344s] DEBUG:colcon.colcon_installed_package_information.package_discovery:Found 17 installed packages in /home/lamp/workspaces/launch_ws/install
[0.344s] DEBUG:colcon.colcon_installed_package_information.package_discovery:Found 15 installed packages in /home/lamp/workspaces/turtlebot3_ws/install
[0.346s] DEBUG:colcon.colcon_installed_package_information.package_discovery:Found 447 installed packages in /opt/ros/humble
[0.348s] Level 1:colcon.colcon_core.package_discovery:discover_packages(prefix_path) using defaults
[0.383s] Level 5:colcon.colcon_core.verb:set package 'gmapper' build argument 'cmake_args' from command line to 'None'
[0.383s] Level 5:colcon.colcon_core.verb:set package 'gmapper' build argument 'cmake_target' from command line to 'None'
[0.383s] Level 5:colcon.colcon_core.verb:set package 'gmapper' build argument 'cmake_target_skip_unavailable' from command line to 'False'
[0.383s] Level 5:colcon.colcon_core.verb:set package 'gmapper' build argument 'cmake_clean_cache' from command line to 'False'
[0.383s] Level 5:colcon.colcon_core.verb:set package 'gmapper' build argument 'cmake_clean_first' from command line to 'False'
[0.383s] Level 5:colcon.colcon_core.verb:set package 'gmapper' build argument 'cmake_force_configure' from command line to 'False'
[0.383s] Level 5:colcon.colcon_core.verb:set package 'gmapper' build argument 'ament_cmake_args' from command line to 'None'
[0.383s] Level 5:colcon.colcon_core.verb:set package 'gmapper' build argument 'catkin_cmake_args' from command line to 'None'
[0.383s] Level 5:colcon.colcon_core.verb:set package 'gmapper' build argument 'catkin_skip_building_tests' from command line to 'False'
[0.383s] DEBUG:colcon.colcon_core.verb:Building package 'gmapper' with the following arguments: {'ament_cmake_args': None, 'build_base': '/home/lamp/workspaces/segnet/build/gmapper', 'catkin_cmake_args': None, 'catkin_skip_building_tests': False, 'cmake_args': None, 'cmake_clean_cache': False, 'cmake_clean_first': False, 'cmake_force_configure': False, 'cmake_target': None, 'cmake_target_skip_unavailable': False, 'install_base': '/home/lamp/workspaces/segnet/install/gmapper', 'merge_install': False, 'path': '/home/lamp/workspaces/segnet/src/gmapper', 'symlink_install': False, 'test_result_base': None}
[0.384s] Level 5:colcon.colcon_core.verb:set package 'segnet' build argument 'cmake_args' from command line to 'None'
[0.384s] Level 5:colcon.colcon_core.verb:set package 'segnet' build argument 'cmake_target' from command line to 'None'
[0.384s] Level 5:colcon.colcon_core.verb:set package 'segnet' build argument 'cmake_target_skip_unavailable' from command line to 'False'
[0.384s] Level 5:colcon.colcon_core.verb:set package 'segnet' build argument 'cmake_clean_cache' from command line to 'False'
[0.384s] Level 5:colcon.colcon_core.verb:set package 'segnet' build argument 'cmake_clean_first' from command line to 'False'
[0.384s] Level 5:colcon.colcon_core.verb:set package 'segnet' build argument 'cmake_force_configure' from command line to 'False'
[0.384s] Level 5:colcon.colcon_core.verb:set package 'segnet' build argument 'ament_cmake_args' from command line to 'None'
[0.384s] Level 5:colcon.colcon_core.verb:set package 'segnet' build argument 'catkin_cmake_args' from command line to 'None'
[0.384s] Level 5:colcon.colcon_core.verb:set package 'segnet' build argument 'catkin_skip_building_tests' from command line to 'False'
[0.384s] DEBUG:colcon.colcon_core.verb:Building package 'segnet' with the following arguments: {'ament_cmake_args': None, 'build_base': '/home/lamp/workspaces/segnet/build/segnet', 'catkin_cmake_args': None, 'catkin_skip_building_tests': False, 'cmake_args': None, 'cmake_clean_cache': False, 'cmake_clean_first': False, 'cmake_force_configure': False, 'cmake_target': None, 'cmake_target_skip_unavailable': False, 'install_base': '/home/lamp/workspaces/segnet/install/segnet', 'merge_install': False, 'path': '/home/lamp/workspaces/segnet/src/segnet', 'symlink_install': False, 'test_result_base': None}
[0.384s] INFO:colcon.colcon_core.executor:Executing jobs using 'parallel' executor
[0.385s] DEBUG:colcon.colcon_parallel_executor.executor.parallel:run_until_complete
[0.385s] INFO:colcon.colcon_ros.task.ament_cmake.build:Building ROS package in '/home/lamp/workspaces/segnet/src/gmapper' with build type 'ament_cmake'
[0.386s] INFO:colcon.colcon_cmake.task.cmake.build:Building CMake package in '/home/lamp/workspaces/segnet/src/gmapper'
[0.387s] INFO:colcon.colcon_core.plugin_system:Skipping extension 'colcon_core.shell.bat': Not used on non-Windows systems
[0.388s] INFO:colcon.colcon_core.shell:Skip shell extension 'powershell' for command environment: Not usable outside of PowerShell
[0.388s] DEBUG:colcon.colcon_core.shell:Skip shell extension 'dsv' for command environment
[0.392s] INFO:colcon.colcon_ros.task.ament_python.build:Building ROS package in '/home/lamp/workspaces/segnet/src/segnet' with build type 'ament_python'
[0.392s] Level 1:colcon.colcon_core.shell:create_environment_hook('segnet', 'ament_prefix_path')
[0.393s] INFO:colcon.colcon_core.shell:Creating environment hook '/home/lamp/workspaces/segnet/install/segnet/share/segnet/hook/ament_prefix_path.ps1'
[0.393s] INFO:colcon.colcon_core.shell:Creating environment descriptor '/home/lamp/workspaces/segnet/install/segnet/share/segnet/hook/ament_prefix_path.dsv'
[0.394s] INFO:colcon.colcon_core.shell:Creating environment hook '/home/lamp/workspaces/segnet/install/segnet/share/segnet/hook/ament_prefix_path.sh'
[0.394s] INFO:colcon.colcon_core.shell:Skip shell extension 'powershell' for command environment: Not usable outside of PowerShell
[0.394s] DEBUG:colcon.colcon_core.shell:Skip shell extension 'dsv' for command environment
[0.407s] DEBUG:colcon.colcon_core.event_handler.log_command:Invoking command in '/home/lamp/workspaces/segnet/build/gmapper': CMAKE_PREFIX_PATH=${CMAKE_PREFIX_PATH}:/home/lamp/workspaces/segnet/install/segnet:/home/lamp/workspaces/launch_ws/install/turtlebot3_teleop:/home/lamp/workspaces/launch_ws/install/turtlebot3_example:/home/lamp/workspaces/launch_ws/install/segtect:/home/lamp/workspaces/launch_ws/install/autonomous_exploration:/home/lamp/workspaces/turtlebot3_ws/install/turtlebot3_teleop:/home/lamp/workspaces/turtlebot3_ws/install/turtlebot3_example:/opt/ros/humble /usr/bin/cmake --build /home/lamp/workspaces/segnet/build/gmapper -- -j12 -l12
[0.644s] INFO:colcon.colcon_core.task.python.build:Building Python package in '/home/lamp/workspaces/segnet/src/segnet'
[0.644s] INFO:colcon.colcon_core.shell:Skip shell extension 'powershell' for command environment: Not usable outside of PowerShell
[0.644s] DEBUG:colcon.colcon_core.shell:Skip shell extension 'dsv' for command environment
[1.044s] DEBUG:colcon.colcon_core.event_handler.log_command:Invoking command in '/home/lamp/workspaces/segnet/src/segnet': PYTHONPATH=/home/lamp/workspaces/segnet/build/segnet/prefix_override:/usr/lib/python3/dist-packages/colcon_core/task/python/colcon_distutils_commands:/home/lamp/workspaces/segnet/install/segnet/lib/python3.10/site-packages:${PYTHONPATH} /usr/bin/python3 -W ignore:setup.py install is deprecated -W ignore:easy_install command is deprecated setup.py egg_info --egg-base ../../build/segnet build --build-base /home/lamp/workspaces/segnet/build/segnet/build install --record /home/lamp/workspaces/segnet/build/segnet/install.log --single-version-externally-managed install_data
[1.305s] DEBUG:colcon.colcon_core.event_handler.log_command:Invoked command in '/home/lamp/workspaces/segnet/src/segnet' returned '0': PYTHONPATH=/home/lamp/workspaces/segnet/build/segnet/prefix_override:/usr/lib/python3/dist-packages/colcon_core/task/python/colcon_distutils_commands:/home/lamp/workspaces/segnet/install/segnet/lib/python3.10/site-packages:${PYTHONPATH} /usr/bin/python3 -W ignore:setup.py install is deprecated -W ignore:easy_install command is deprecated setup.py egg_info --egg-base ../../build/segnet build --build-base /home/lamp/workspaces/segnet/build/segnet/build install --record /home/lamp/workspaces/segnet/build/segnet/install.log --single-version-externally-managed install_data
[1.307s] Level 1:colcon.colcon_core.environment:checking '/home/lamp/workspaces/segnet/install/segnet' for CMake module files
[1.308s] Level 1:colcon.colcon_core.environment:checking '/home/lamp/workspaces/segnet/install/segnet' for CMake config files
[1.308s] Level 1:colcon.colcon_core.environment:checking '/home/lamp/workspaces/segnet/install/segnet/lib'
[1.308s] Level 1:colcon.colcon_core.environment:checking '/home/lamp/workspaces/segnet/install/segnet/bin'
[1.308s] Level 1:colcon.colcon_core.environment:checking '/home/lamp/workspaces/segnet/install/segnet/lib/pkgconfig/segnet.pc'
[1.308s] Level 1:colcon.colcon_core.environment:checking '/home/lamp/workspaces/segnet/install/segnet/lib/python3.10/site-packages'
[1.309s] Level 1:colcon.colcon_core.shell:create_environment_hook('segnet', 'pythonpath')
[1.309s] INFO:colcon.colcon_core.shell:Creating environment hook '/home/lamp/workspaces/segnet/install/segnet/share/segnet/hook/pythonpath.ps1'
[1.309s] INFO:colcon.colcon_core.shell:Creating environment descriptor '/home/lamp/workspaces/segnet/install/segnet/share/segnet/hook/pythonpath.dsv'
[1.310s] INFO:colcon.colcon_core.shell:Creating environment hook '/home/lamp/workspaces/segnet/install/segnet/share/segnet/hook/pythonpath.sh'
[1.310s] Level 1:colcon.colcon_core.environment:checking '/home/lamp/workspaces/segnet/install/segnet/bin'
[1.310s] Level 1:colcon.colcon_core.environment:create_environment_scripts_only(segnet)
[1.310s] INFO:colcon.colcon_core.shell:Creating package script '/home/lamp/workspaces/segnet/install/segnet/share/segnet/package.ps1'
[1.311s] INFO:colcon.colcon_core.shell:Creating package descriptor '/home/lamp/workspaces/segnet/install/segnet/share/segnet/package.dsv'
[1.311s] INFO:colcon.colcon_core.shell:Creating package script '/home/lamp/workspaces/segnet/install/segnet/share/segnet/package.sh'
[1.312s] INFO:colcon.colcon_core.shell:Creating package script '/home/lamp/workspaces/segnet/install/segnet/share/segnet/package.bash'
[1.312s] INFO:colcon.colcon_core.shell:Creating package script '/home/lamp/workspaces/segnet/install/segnet/share/segnet/package.zsh'
[1.313s] Level 1:colcon.colcon_core.environment:create_file_with_runtime_dependencies(/home/lamp/workspaces/segnet/install/segnet/share/colcon-core/packages/segnet)
[8.598s] DEBUG:colcon.colcon_core.event_handler.log_command:Invoked command in '/home/lamp/workspaces/segnet/build/gmapper' returned '0': CMAKE_PREFIX_PATH=${CMAKE_PREFIX_PATH}:/home/lamp/workspaces/segnet/install/segnet:/home/lamp/workspaces/launch_ws/install/turtlebot3_teleop:/home/lamp/workspaces/launch_ws/install/turtlebot3_example:/home/lamp/workspaces/launch_ws/install/segtect:/home/lamp/workspaces/launch_ws/install/autonomous_exploration:/home/lamp/workspaces/turtlebot3_ws/install/turtlebot3_teleop:/home/lamp/workspaces/turtlebot3_ws/install/turtlebot3_example:/opt/ros/humble /usr/bin/cmake --build /home/lamp/workspaces/segnet/build/gmapper -- -j12 -l12
[8.606s] DEBUG:colcon.colcon_core.event_handler.log_command:Invoking command in '/home/lamp/workspaces/segnet/build/gmapper': CMAKE_PREFIX_PATH=${CMAKE_PREFIX_PATH}:/home/lamp/workspaces/segnet/install/segnet:/home/lamp/workspaces/launch_ws/install/turtlebot3_teleop:/home/lamp/workspaces/launch_ws/install/turtlebot3_example:/home/lamp/workspaces/launch_ws/install/segtect:/home/lamp/workspaces/launch_ws/install/autonomous_exploration:/home/lamp/workspaces/turtlebot3_ws/install/turtlebot3_teleop:/home/lamp/workspaces/turtlebot3_ws/install/turtlebot3_example:/opt/ros/humble /usr/bin/cmake --install /home/lamp/workspaces/segnet/build/gmapper
[8.620s] Level 1:colcon.colcon_core.environment:create_environment_scripts_only(gmapper)
[8.621s] Level 1:colcon.colcon_core.environment:checking '/home/lamp/workspaces/segnet/install/gmapper' for CMake module files
[8.621s] DEBUG:colcon.colcon_core.event_handler.log_command:Invoked command in '/home/lamp/workspaces/segnet/build/gmapper' returned '0': CMAKE_PREFIX_PATH=${CMAKE_PREFIX_PATH}:/home/lamp/workspaces/segnet/install/segnet:/home/lamp/workspaces/launch_ws/install/turtlebot3_teleop:/home/lamp/workspaces/launch_ws/install/turtlebot3_example:/home/lamp/workspaces/launch_ws/install/segtect:/home/lamp/workspaces/launch_ws/install/autonomous_exploration:/home/lamp/workspaces/turtlebot3_ws/install/turtlebot3_teleop:/home/lamp/workspaces/turtlebot3_ws/install/turtlebot3_example:/opt/ros/humble /usr/bin/cmake --install /home/lamp/workspaces/segnet/build/gmapper
[8.621s] Level 1:colcon.colcon_core.environment:checking '/home/lamp/workspaces/segnet/install/gmapper' for CMake config files
[8.622s] Level 1:colcon.colcon_core.shell:create_environment_hook('gmapper', 'cmake_prefix_path')
[8.622s] INFO:colcon.colcon_core.shell:Creating environment hook '/home/lamp/workspaces/segnet/install/gmapper/share/gmapper/hook/cmake_prefix_path.ps1'
[8.623s] INFO:colcon.colcon_core.shell:Creating environment descriptor '/home/lamp/workspaces/segnet/install/gmapper/share/gmapper/hook/cmake_prefix_path.dsv'
[8.623s] INFO:colcon.colcon_core.shell:Creating environment hook '/home/lamp/workspaces/segnet/install/gmapper/share/gmapper/hook/cmake_prefix_path.sh'
[8.623s] Level 1:colcon.colcon_core.environment:checking '/home/lamp/workspaces/segnet/install/gmapper/lib'
[8.623s] Level 1:colcon.colcon_core.environment:checking '/home/lamp/workspaces/segnet/install/gmapper/bin'
[8.623s] Level 1:colcon.colcon_core.environment:checking '/home/lamp/workspaces/segnet/install/gmapper/lib/pkgconfig/gmapper.pc'
[8.624s] Level 1:colcon.colcon_core.environment:checking '/home/lamp/workspaces/segnet/install/gmapper/lib/python3.10/site-packages'
[8.624s] Level 1:colcon.colcon_core.environment:checking '/home/lamp/workspaces/segnet/install/gmapper/bin'
[8.624s] INFO:colcon.colcon_core.shell:Creating package script '/home/lamp/workspaces/segnet/install/gmapper/share/gmapper/package.ps1'
[8.624s] INFO:colcon.colcon_core.shell:Creating package descriptor '/home/lamp/workspaces/segnet/install/gmapper/share/gmapper/package.dsv'
[8.625s] INFO:colcon.colcon_core.shell:Creating package script '/home/lamp/workspaces/segnet/install/gmapper/share/gmapper/package.sh'
[8.625s] INFO:colcon.colcon_core.shell:Creating package script '/home/lamp/workspaces/segnet/install/gmapper/share/gmapper/package.bash'
[8.625s] INFO:colcon.colcon_core.shell:Creating package script '/home/lamp/workspaces/segnet/install/gmapper/share/gmapper/package.zsh'
[8.626s] Level 1:colcon.colcon_core.environment:create_file_with_runtime_dependencies(/home/lamp/workspaces/segnet/install/gmapper/share/colcon-core/packages/gmapper)
[8.626s] Level 1:colcon.colcon_core.environment:create_environment_scripts_only(gmapper)
[8.626s] Level 1:colcon.colcon_core.environment:checking '/home/lamp/workspaces/segnet/install/gmapper' for CMake module files
[8.627s] Level 1:colcon.colcon_core.environment:checking '/home/lamp/workspaces/segnet/install/gmapper' for CMake config files
[8.627s] Level 1:colcon.colcon_core.shell:create_environment_hook('gmapper', 'cmake_prefix_path')
[8.627s] INFO:colcon.colcon_core.shell:Creating environment hook '/home/lamp/workspaces/segnet/install/gmapper/share/gmapper/hook/cmake_prefix_path.ps1'
[8.627s] INFO:colcon.colcon_core.shell:Creating environment descriptor '/home/lamp/workspaces/segnet/install/gmapper/share/gmapper/hook/cmake_prefix_path.dsv'
[8.628s] INFO:colcon.colcon_core.shell:Creating environment hook '/home/lamp/workspaces/segnet/install/gmapper/share/gmapper/hook/cmake_prefix_path.sh'
[8.628s] Level 1:colcon.colcon_core.environment:checking '/home/lamp/workspaces/segnet/install/gmapper/lib'
[8.628s] Level 1:colcon.colcon_core.environment:checking '/home/lamp/workspaces/segnet/install/gmapper/bin'
[8.628s] Level 1:colcon.colcon_core.environment:checking '/home/lamp/workspaces/segnet/install/gmapper/lib/pkgconfig/gmapper.pc'
[8.629s] Level 1:colcon.colcon_core.environment:checking '/home/lamp/workspaces/segnet/install/gmapper/lib/python3.10/site-packages'
[8.629s] Level 1:colcon.colcon_core.environment:checking '/home/lamp/workspaces/segnet/install/gmapper/bin'
[8.629s] INFO:colcon.colcon_core.shell:Creating package script '/home/lamp/workspaces/segnet/install/gmapper/share/gmapper/package.ps1'
[8.629s] INFO:colcon.colcon_core.shell:Creating package descriptor '/home/lamp/workspaces/segnet/install/gmapper/share/gmapper/package.dsv'
[8.630s] INFO:colcon.colcon_core.shell:Creating package script '/home/lamp/workspaces/segnet/install/gmapper/share/gmapper/package.sh'
[8.630s] INFO:colcon.colcon_core.shell:Creating package script '/home/lamp/workspaces/segnet/install/gmapper/share/gmapper/package.bash'
[8.631s] INFO:colcon.colcon_core.shell:Creating package script '/home/lamp/workspaces/segnet/install/gmapper/share/gmapper/package.zsh'
[8.631s] Level 1:colcon.colcon_core.environment:create_file_with_runtime_dependencies(/home/lamp/workspaces/segnet/install/gmapper/share/colcon-core/packages/gmapper)
[8.631s] DEBUG:colcon.colcon_parallel_executor.executor.parallel:closing loop
[8.632s] DEBUG:colcon.colcon_parallel_executor.executor.parallel:loop closed
[8.632s] DEBUG:colcon.colcon_parallel_executor.executor.parallel:run_until_complete finished with '0'
[8.632s] DEBUG:colcon.colcon_core.event_reactor:joining thread
[8.661s] INFO:colcon.colcon_core.plugin_system:Skipping extension 'colcon_notification.desktop_notification.notify_send': Could not find 'notify-send'
[8.661s] INFO:colcon.colcon_core.plugin_system:Skipping extension 'colcon_notification.desktop_notification.terminal_notifier': Not used on non-Darwin systems
[8.661s] INFO:colcon.colcon_core.plugin_system:Skipping extension 'colcon_notification.desktop_notification.win32': Not used on non-Windows systems
[8.661s] INFO:colcon.colcon_notification.desktop_notification:Sending desktop notification using 'notify2'
[8.662s] DEBUG:colcon.colcon_notification.desktop_notification.notify2:Failed to initialize notify2: org.freedesktop.DBus.Error.ServiceUnknown: The name org.freedesktop.Notifications was not provided by any .service files
[8.662s] DEBUG:colcon.colcon_core.event_reactor:joined thread
[8.662s] INFO:colcon.colcon_core.shell:Creating prefix script '/home/lamp/workspaces/segnet/install/local_setup.ps1'
[8.663s] INFO:colcon.colcon_core.shell:Creating prefix util module '/home/lamp/workspaces/segnet/install/_local_setup_util_ps1.py'
[8.664s] INFO:colcon.colcon_core.shell:Creating prefix chain script '/home/lamp/workspaces/segnet/install/setup.ps1'
[8.666s] INFO:colcon.colcon_core.shell:Creating prefix script '/home/lamp/workspaces/segnet/install/local_setup.sh'
[8.666s] INFO:colcon.colcon_core.shell:Creating prefix util module '/home/lamp/workspaces/segnet/install/_local_setup_util_sh.py'
[8.667s] INFO:colcon.colcon_core.shell:Creating prefix chain script '/home/lamp/workspaces/segnet/install/setup.sh'
[8.668s] INFO:colcon.colcon_core.shell:Creating prefix script '/home/lamp/workspaces/segnet/install/local_setup.bash'
[8.669s] INFO:colcon.colcon_core.shell:Creating prefix chain script '/home/lamp/workspaces/segnet/install/setup.bash'
[8.670s] INFO:colcon.colcon_core.shell:Creating prefix script '/home/lamp/workspaces/segnet/install/local_setup.zsh'
[8.670s] INFO:colcon.colcon_core.shell:Creating prefix chain script '/home/lamp/workspaces/segnet/install/setup.zsh'
