[0.915s] Invoking command in '/home/lamp/workspaces/segnet/src': PYTHONPATH=/home/lamp/workspaces/segnet/build/segnet/prefix_override:/usr/lib/python3/dist-packages/colcon_core/task/python/colcon_distutils_commands:/home/lamp/workspaces/segnet/install/segnet/lib/python3.10/site-packages:${PYTHONPATH} /usr/bin/python3 -W ignore:setup.py install is deprecated -W ignore:easy_install command is deprecated setup.py egg_info --egg-base ../build/segnet build --build-base /home/lamp/workspaces/segnet/build/segnet/build install --record /home/lamp/workspaces/segnet/build/segnet/install.log --single-version-externally-managed install_data
[1.192s] running egg_info
[1.193s] creating ../build/segnet/segnet.egg-info
[1.193s] writing ../build/segnet/segnet.egg-info/PKG-INFO
[1.194s] writing dependency_links to ../build/segnet/segnet.egg-info/dependency_links.txt
[1.194s] writing entry points to ../build/segnet/segnet.egg-info/entry_points.txt
[1.194s] writing requirements to ../build/segnet/segnet.egg-info/requires.txt
[1.194s] writing top-level names to ../build/segnet/segnet.egg-info/top_level.txt
[1.195s] writing manifest file '../build/segnet/segnet.egg-info/SOURCES.txt'
[1.197s] reading manifest file '../build/segnet/segnet.egg-info/SOURCES.txt'
[1.197s] writing manifest file '../build/segnet/segnet.egg-info/SOURCES.txt'
[1.197s] running build
[1.197s] running build_py
[1.198s] creating /home/lamp/workspaces/segnet/build/segnet/build
[1.198s] creating /home/lamp/workspaces/segnet/build/segnet/build/lib
[1.198s] creating /home/lamp/workspaces/segnet/build/segnet/build/lib/segnet
[1.198s] copying segnet/merging.py -> /home/lamp/workspaces/segnet/build/segnet/build/lib/segnet
[1.198s] copying segnet/segnet.py -> /home/lamp/workspaces/segnet/build/segnet/build/lib/segnet
[1.198s] copying segnet/__init__.py -> /home/lamp/workspaces/segnet/build/segnet/build/lib/segnet
[1.199s] running install
[1.199s] running install_lib
[1.199s] creating /home/lamp/workspaces/segnet/install/segnet/lib/python3.10/site-packages/segnet
[1.200s] copying /home/lamp/workspaces/segnet/build/segnet/build/lib/segnet/merging.py -> /home/lamp/workspaces/segnet/install/segnet/lib/python3.10/site-packages/segnet
[1.200s] copying /home/lamp/workspaces/segnet/build/segnet/build/lib/segnet/segnet.py -> /home/lamp/workspaces/segnet/install/segnet/lib/python3.10/site-packages/segnet
[1.200s] copying /home/lamp/workspaces/segnet/build/segnet/build/lib/segnet/__init__.py -> /home/lamp/workspaces/segnet/install/segnet/lib/python3.10/site-packages/segnet
[1.201s] byte-compiling /home/lamp/workspaces/segnet/install/segnet/lib/python3.10/site-packages/segnet/merging.py to merging.cpython-310.pyc
[1.202s] byte-compiling /home/lamp/workspaces/segnet/install/segnet/lib/python3.10/site-packages/segnet/segnet.py to segnet.cpython-310.pyc
[1.202s] byte-compiling /home/lamp/workspaces/segnet/install/segnet/lib/python3.10/site-packages/segnet/__init__.py to __init__.cpython-310.pyc
[1.202s] running install_data
[1.202s] creating /home/lamp/workspaces/segnet/install/segnet/share/ament_index
[1.202s] creating /home/lamp/workspaces/segnet/install/segnet/share/ament_index/resource_index
[1.203s] creating /home/lamp/workspaces/segnet/install/segnet/share/ament_index/resource_index/packages
[1.203s] copying resource/segnet -> /home/lamp/workspaces/segnet/install/segnet/share/ament_index/resource_index/packages
[1.203s] copying package.xml -> /home/lamp/workspaces/segnet/install/segnet/share/segnet
[1.203s] running install_egg_info
[1.205s] Copying ../build/segnet/segnet.egg-info to /home/lamp/workspaces/segnet/install/segnet/lib/python3.10/site-packages/segnet-0.0.0-py3.10.egg-info
[1.206s] running install_scripts
[1.223s] Installing segnet script to /home/lamp/workspaces/segnet/install/segnet/lib/segnet
[1.224s] writing list of installed files to '/home/lamp/workspaces/segnet/build/segnet/install.log'
[1.251s] Invoked command in '/home/lamp/workspaces/segnet/src' returned '0': PYTHONPATH=/home/lamp/workspaces/segnet/build/segnet/prefix_override:/usr/lib/python3/dist-packages/colcon_core/task/python/colcon_distutils_commands:/home/lamp/workspaces/segnet/install/segnet/lib/python3.10/site-packages:${PYTHONPATH} /usr/bin/python3 -W ignore:setup.py install is deprecated -W ignore:easy_install command is deprecated setup.py egg_info --egg-base ../build/segnet build --build-base /home/lamp/workspaces/segnet/build/segnet/build install --record /home/lamp/workspaces/segnet/build/segnet/install.log --single-version-externally-managed install_data
