[0.015s] Invoking command in '/home/lamp/workspaces/segnet/build/gmapper': CMAKE_PREFIX_PATH=${CMAKE_PREFIX_PATH}:/home/lamp/workspaces/segnet/install/segnet:/home/lamp/workspaces/launch_ws/install/turtlebot3_teleop:/home/lamp/workspaces/launch_ws/install/turtlebot3_example:/home/lamp/workspaces/launch_ws/install/segtect:/home/lamp/workspaces/launch_ws/install/autonomous_exploration:/home/lamp/workspaces/turtlebot3_ws/install/turtlebot3_teleop:/home/lamp/workspaces/turtlebot3_ws/install/turtlebot3_example:/opt/ros/humble /usr/bin/cmake --build /home/lamp/workspaces/segnet/build/gmapper -- -j12 -l12
[0.055s] [35m[1mConsolidate compiler generated dependencies of target gmap[0m
[0.079s] [ 50%] [32mBuilding CXX object CMakeFiles/gmap.dir/src/mapper.cpp.o[0m
[0.376s] In file included from [01m[K/home/lamp/workspaces/segnet/src/gmapper/include/gmapper/mapper.h:19[m[K,
[0.376s]                  from [01m[K/home/lamp/workspaces/segnet/src/gmapper/src/mapper.cpp:1[m[K:
[0.376s] [01m[K/opt/ros/humble/include/tf2_geometry_msgs/tf2_geometry_msgs/tf2_geometry_msgs.h:35:2:[m[K [01;35m[Kwarning: [m[K#warning This header is obsolete, please include tf2_geometry_msgs/tf2_geometry_msgs.hpp instead [[01;35m[K]8;;https://gcc.gnu.org/onlinedocs/gcc/Warning-Options.html#index-Wcpp-Wcpp]8;;[m[K]
[0.376s]    35 | #[01;35m[Kwarning[m[K This header is obsolete, please include tf2_geometry_msgs/tf2_geometry_msgs.hpp instead
[0.376s]       |  [01;35m[K^~~~~~~[m[K
[17.545s] [100%] [32m[1mLinking CXX executable gmap[0m
[18.325s] [100%] Built target gmap
[18.339s] Invoked command in '/home/lamp/workspaces/segnet/build/gmapper' returned '0': CMAKE_PREFIX_PATH=${CMAKE_PREFIX_PATH}:/home/lamp/workspaces/segnet/install/segnet:/home/lamp/workspaces/launch_ws/install/turtlebot3_teleop:/home/lamp/workspaces/launch_ws/install/turtlebot3_example:/home/lamp/workspaces/launch_ws/install/segtect:/home/lamp/workspaces/launch_ws/install/autonomous_exploration:/home/lamp/workspaces/turtlebot3_ws/install/turtlebot3_teleop:/home/lamp/workspaces/turtlebot3_ws/install/turtlebot3_example:/opt/ros/humble /usr/bin/cmake --build /home/lamp/workspaces/segnet/build/gmapper -- -j12 -l12
[18.352s] Invoking command in '/home/lamp/workspaces/segnet/build/gmapper': CMAKE_PREFIX_PATH=${CMAKE_PREFIX_PATH}:/home/lamp/workspaces/segnet/install/segnet:/home/lamp/workspaces/launch_ws/install/turtlebot3_teleop:/home/lamp/workspaces/launch_ws/install/turtlebot3_example:/home/lamp/workspaces/launch_ws/install/segtect:/home/lamp/workspaces/launch_ws/install/autonomous_exploration:/home/lamp/workspaces/turtlebot3_ws/install/turtlebot3_teleop:/home/lamp/workspaces/turtlebot3_ws/install/turtlebot3_example:/opt/ros/humble /usr/bin/cmake --install /home/lamp/workspaces/segnet/build/gmapper
[18.359s] -- Install configuration: ""
[18.359s] -- Installing: /home/lamp/workspaces/segnet/install/gmapper/lib/gmapper/gmap
[18.373s] -- Set runtime path of "/home/lamp/workspaces/segnet/install/gmapper/lib/gmapper/gmap" to ""
[18.374s] -- Up-to-date: /home/lamp/workspaces/segnet/install/gmapper/share/gmapper/launch
[18.374s] -- Up-to-date: /home/lamp/workspaces/segnet/install/gmapper/share/gmapper/launch/gmap.launch.py
[18.374s] -- Up-to-date: /home/lamp/workspaces/segnet/install/gmapper/share/ament_index/resource_index/package_run_dependencies/gmapper
[18.374s] -- Up-to-date: /home/lamp/workspaces/segnet/install/gmapper/share/ament_index/resource_index/parent_prefix_path/gmapper
[18.375s] -- Up-to-date: /home/lamp/workspaces/segnet/install/gmapper/share/gmapper/environment/ament_prefix_path.sh
[18.375s] -- Up-to-date: /home/lamp/workspaces/segnet/install/gmapper/share/gmapper/environment/ament_prefix_path.dsv
[18.375s] -- Up-to-date: /home/lamp/workspaces/segnet/install/gmapper/share/gmapper/environment/path.sh
[18.375s] -- Up-to-date: /home/lamp/workspaces/segnet/install/gmapper/share/gmapper/environment/path.dsv
[18.375s] -- Up-to-date: /home/lamp/workspaces/segnet/install/gmapper/share/gmapper/local_setup.bash
[18.375s] -- Up-to-date: /home/lamp/workspaces/segnet/install/gmapper/share/gmapper/local_setup.sh
[18.376s] -- Up-to-date: /home/lamp/workspaces/segnet/install/gmapper/share/gmapper/local_setup.zsh
[18.376s] -- Up-to-date: /home/lamp/workspaces/segnet/install/gmapper/share/gmapper/local_setup.dsv
[18.376s] -- Installing: /home/lamp/workspaces/segnet/install/gmapper/share/gmapper/package.dsv
[18.376s] -- Up-to-date: /home/lamp/workspaces/segnet/install/gmapper/share/ament_index/resource_index/packages/gmapper
[18.376s] -- Up-to-date: /home/lamp/workspaces/segnet/install/gmapper/share/gmapper/cmake/gmapperConfig.cmake
[18.376s] -- Up-to-date: /home/lamp/workspaces/segnet/install/gmapper/share/gmapper/cmake/gmapperConfig-version.cmake
[18.376s] -- Up-to-date: /home/lamp/workspaces/segnet/install/gmapper/share/gmapper/package.xml
[18.378s] Invoked command in '/home/lamp/workspaces/segnet/build/gmapper' returned '0': CMAKE_PREFIX_PATH=${CMAKE_PREFIX_PATH}:/home/lamp/workspaces/segnet/install/segnet:/home/lamp/workspaces/launch_ws/install/turtlebot3_teleop:/home/lamp/workspaces/launch_ws/install/turtlebot3_example:/home/lamp/workspaces/launch_ws/install/segtect:/home/lamp/workspaces/launch_ws/install/autonomous_exploration:/home/lamp/workspaces/turtlebot3_ws/install/turtlebot3_teleop:/home/lamp/workspaces/turtlebot3_ws/install/turtlebot3_example:/opt/ros/humble /usr/bin/cmake --install /home/lamp/workspaces/segnet/build/gmapper
