[0.637s] Invoking command in '/home/lamp/workspaces/segnet/src/segnet': PYTHONPATH=/home/lamp/workspaces/segnet/build/segnet/prefix_override:/usr/lib/python3/dist-packages/colcon_core/task/python/colcon_distutils_commands:/home/lamp/workspaces/segnet/install/segnet/lib/python3.10/site-packages:${PYTHONPATH} /usr/bin/python3 -W ignore:setup.py install is deprecated -W ignore:easy_install command is deprecated setup.py egg_info --egg-base ../../build/segnet build --build-base /home/lamp/workspaces/segnet/build/segnet/build install --record /home/lamp/workspaces/segnet/build/segnet/install.log --single-version-externally-managed install_data
[0.845s] running egg_info
[0.845s] writing ../../build/segnet/segnet.egg-info/PKG-INFO
[0.846s] writing dependency_links to ../../build/segnet/segnet.egg-info/dependency_links.txt
[0.846s] writing entry points to ../../build/segnet/segnet.egg-info/entry_points.txt
[0.846s] writing requirements to ../../build/segnet/segnet.egg-info/requires.txt
[0.846s] writing top-level names to ../../build/segnet/segnet.egg-info/top_level.txt
[0.848s] reading manifest file '../../build/segnet/segnet.egg-info/SOURCES.txt'
[0.849s] writing manifest file '../../build/segnet/segnet.egg-info/SOURCES.txt'
[0.849s] running build
[0.849s] running build_py
[0.849s] running install
[0.850s] running install_lib
[0.850s] running install_data
[0.851s] running install_egg_info
[0.852s] removing '/home/lamp/workspaces/segnet/install/segnet/lib/python3.10/site-packages/segnet-0.0.0-py3.10.egg-info' (and everything under it)
[0.852s] Copying ../../build/segnet/segnet.egg-info to /home/lamp/workspaces/segnet/install/segnet/lib/python3.10/site-packages/segnet-0.0.0-py3.10.egg-info
[0.853s] running install_scripts
[0.870s] Installing segnet script to /home/lamp/workspaces/segnet/install/segnet/lib/segnet
[0.870s] writing list of installed files to '/home/lamp/workspaces/segnet/build/segnet/install.log'
[0.889s] Invoked command in '/home/lamp/workspaces/segnet/src/segnet' returned '0': PYTHONPATH=/home/lamp/workspaces/segnet/build/segnet/prefix_override:/usr/lib/python3/dist-packages/colcon_core/task/python/colcon_distutils_commands:/home/lamp/workspaces/segnet/install/segnet/lib/python3.10/site-packages:${PYTHONPATH} /usr/bin/python3 -W ignore:setup.py install is deprecated -W ignore:easy_install command is deprecated setup.py egg_info --egg-base ../../build/segnet build --build-base /home/lamp/workspaces/segnet/build/segnet/build install --record /home/lamp/workspaces/segnet/build/segnet/install.log --single-version-externally-managed install_data
