[35m[1mConsolidate compiler generated dependencies of target gmap[0m
[ 50%] [32mBuilding CXX object CMakeFiles/gmap.dir/src/mapper.cpp.o[0m
[100%] [32m[1mLinking CXX executable gmap[0m
[100%] Built target gmap
-- Install configuration: ""
-- Installing: /home/lamp/workspaces/segnet/install/gmapper/lib/gmapper/gmap
-- Set runtime path of "/home/lamp/workspaces/segnet/install/gmapper/lib/gmapper/gmap" to ""
-- Up-to-date: /home/lamp/workspaces/segnet/install/gmapper/share/gmapper/launch
-- Up-to-date: /home/lamp/workspaces/segnet/install/gmapper/share/gmapper/launch/gmap.launch.py
-- Up-to-date: /home/lamp/workspaces/segnet/install/gmapper/share/ament_index/resource_index/package_run_dependencies/gmapper
-- Up-to-date: /home/lamp/workspaces/segnet/install/gmapper/share/ament_index/resource_index/parent_prefix_path/gmapper
-- Up-to-date: /home/lamp/workspaces/segnet/install/gmapper/share/gmapper/environment/ament_prefix_path.sh
-- Up-to-date: /home/lamp/workspaces/segnet/install/gmapper/share/gmapper/environment/ament_prefix_path.dsv
-- Up-to-date: /home/lamp/workspaces/segnet/install/gmapper/share/gmapper/environment/path.sh
-- Up-to-date: /home/lamp/workspaces/segnet/install/gmapper/share/gmapper/environment/path.dsv
-- Up-to-date: /home/lamp/workspaces/segnet/install/gmapper/share/gmapper/local_setup.bash
-- Up-to-date: /home/lamp/workspaces/segnet/install/gmapper/share/gmapper/local_setup.sh
-- Up-to-date: /home/lamp/workspaces/segnet/install/gmapper/share/gmapper/local_setup.zsh
-- Up-to-date: /home/lamp/workspaces/segnet/install/gmapper/share/gmapper/local_setup.dsv
-- Installing: /home/lamp/workspaces/segnet/install/gmapper/share/gmapper/package.dsv
-- Up-to-date: /home/lamp/workspaces/segnet/install/gmapper/share/ament_index/resource_index/packages/gmapper
-- Up-to-date: /home/lamp/workspaces/segnet/install/gmapper/share/gmapper/cmake/gmapperConfig.cmake
-- Up-to-date: /home/lamp/workspaces/segnet/install/gmapper/share/gmapper/cmake/gmapperConfig-version.cmake
-- Up-to-date: /home/lamp/workspaces/segnet/install/gmapper/share/gmapper/package.xml
