[0.027s] Invoking command in '/home/lamp/workspaces/segnet/build/gmapper': CMAKE_PREFIX_PATH=${CMAKE_PREFIX_PATH}:/home/lamp/workspaces/segnet/install/segnet:/home/lamp/workspaces/launch_ws/install/turtlebot3_teleop:/home/lamp/workspaces/launch_ws/install/turtlebot3_example:/home/lamp/workspaces/launch_ws/install/segtect:/home/lamp/workspaces/launch_ws/install/autonomous_exploration:/home/lamp/workspaces/turtlebot3_ws/install/turtlebot3_teleop:/home/lamp/workspaces/turtlebot3_ws/install/turtlebot3_example:/opt/ros/humble /usr/bin/cmake --build /home/lamp/workspaces/segnet/build/gmapper -- -j12 -l12
[0.124s] [35m[1mConsolidate compiler generated dependencies of target gmap[0m
[0.150s] [ 50%] [32mBuilding CXX object CMakeFiles/gmap.dir/src/mapper.cpp.o[0m
[0.734s] In file included from [01m[K/home/lamp/workspaces/segnet/src/gmapper/include/gmapper/mapper.h:19[m[K,
[0.734s]                  from [01m[K/home/lamp/workspaces/segnet/src/gmapper/src/mapper.cpp:1[m[K:
[0.734s] [01m[K/opt/ros/humble/include/tf2_geometry_msgs/tf2_geometry_msgs/tf2_geometry_msgs.h:35:2:[m[K [01;35m[Kwarning: [m[K#warning This header is obsolete, please include tf2_geometry_msgs/tf2_geometry_msgs.hpp instead [[01;35m[K]8;;https://gcc.gnu.org/onlinedocs/gcc/Warning-Options.html#index-Wcpp-Wcpp]8;;[m[K]
[0.735s]    35 | #[01;35m[Kwarning[m[K This header is obsolete, please include tf2_geometry_msgs/tf2_geometry_msgs.hpp instead
[0.735s]       |  [01;35m[K^~~~~~~[m[K
[15.992s] [100%] [32m[1mLinking CXX executable gmap[0m
[16.833s] [100%] Built target gmap
[16.845s] Invoked command in '/home/lamp/workspaces/segnet/build/gmapper' returned '0': CMAKE_PREFIX_PATH=${CMAKE_PREFIX_PATH}:/home/lamp/workspaces/segnet/install/segnet:/home/lamp/workspaces/launch_ws/install/turtlebot3_teleop:/home/lamp/workspaces/launch_ws/install/turtlebot3_example:/home/lamp/workspaces/launch_ws/install/segtect:/home/lamp/workspaces/launch_ws/install/autonomous_exploration:/home/lamp/workspaces/turtlebot3_ws/install/turtlebot3_teleop:/home/lamp/workspaces/turtlebot3_ws/install/turtlebot3_example:/opt/ros/humble /usr/bin/cmake --build /home/lamp/workspaces/segnet/build/gmapper -- -j12 -l12
[16.855s] Invoking command in '/home/lamp/workspaces/segnet/build/gmapper': CMAKE_PREFIX_PATH=${CMAKE_PREFIX_PATH}:/home/lamp/workspaces/segnet/install/segnet:/home/lamp/workspaces/launch_ws/install/turtlebot3_teleop:/home/lamp/workspaces/launch_ws/install/turtlebot3_example:/home/lamp/workspaces/launch_ws/install/segtect:/home/lamp/workspaces/launch_ws/install/autonomous_exploration:/home/lamp/workspaces/turtlebot3_ws/install/turtlebot3_teleop:/home/lamp/workspaces/turtlebot3_ws/install/turtlebot3_example:/opt/ros/humble /usr/bin/cmake --install /home/lamp/workspaces/segnet/build/gmapper
[16.862s] -- Install configuration: ""
[16.864s] -- Installing: /home/lamp/workspaces/segnet/install/gmapper/lib/gmapper/gmap
[16.875s] -- Set runtime path of "/home/lamp/workspaces/segnet/install/gmapper/lib/gmapper/gmap" to ""
[16.875s] -- Up-to-date: /home/lamp/workspaces/segnet/install/gmapper/share/gmapper/launch
[16.875s] -- Up-to-date: /home/lamp/workspaces/segnet/install/gmapper/share/gmapper/launch/gmap.launch.py
[16.875s] -- Up-to-date: /home/lamp/workspaces/segnet/install/gmapper/share/ament_index/resource_index/package_run_dependencies/gmapper
[16.875s] -- Up-to-date: /home/lamp/workspaces/segnet/install/gmapper/share/ament_index/resource_index/parent_prefix_path/gmapper
[16.875s] -- Up-to-date: /home/lamp/workspaces/segnet/install/gmapper/share/gmapper/environment/ament_prefix_path.sh
[16.875s] -- Up-to-date: /home/lamp/workspaces/segnet/install/gmapper/share/gmapper/environment/ament_prefix_path.dsv
[16.875s] -- Up-to-date: /home/lamp/workspaces/segnet/install/gmapper/share/gmapper/environment/path.sh
[16.875s] -- Up-to-date: /home/lamp/workspaces/segnet/install/gmapper/share/gmapper/environment/path.dsv
[16.876s] -- Up-to-date: /home/lamp/workspaces/segnet/install/gmapper/share/gmapper/local_setup.bash
[16.876s] -- Up-to-date: /home/lamp/workspaces/segnet/install/gmapper/share/gmapper/local_setup.sh
[16.876s] -- Up-to-date: /home/lamp/workspaces/segnet/install/gmapper/share/gmapper/local_setup.zsh
[16.876s] -- Up-to-date: /home/lamp/workspaces/segnet/install/gmapper/share/gmapper/local_setup.dsv
[16.876s] -- Installing: /home/lamp/workspaces/segnet/install/gmapper/share/gmapper/package.dsv
[16.876s] -- Up-to-date: /home/lamp/workspaces/segnet/install/gmapper/share/ament_index/resource_index/packages/gmapper
[16.876s] -- Up-to-date: /home/lamp/workspaces/segnet/install/gmapper/share/gmapper/cmake/gmapperConfig.cmake
[16.876s] -- Up-to-date: /home/lamp/workspaces/segnet/install/gmapper/share/gmapper/cmake/gmapperConfig-version.cmake
[16.876s] -- Up-to-date: /home/lamp/workspaces/segnet/install/gmapper/share/gmapper/package.xml
[16.879s] Invoked command in '/home/lamp/workspaces/segnet/build/gmapper' returned '0': CMAKE_PREFIX_PATH=${CMAKE_PREFIX_PATH}:/home/lamp/workspaces/segnet/install/segnet:/home/lamp/workspaces/launch_ws/install/turtlebot3_teleop:/home/lamp/workspaces/launch_ws/install/turtlebot3_example:/home/lamp/workspaces/launch_ws/install/segtect:/home/lamp/workspaces/launch_ws/install/autonomous_exploration:/home/lamp/workspaces/turtlebot3_ws/install/turtlebot3_teleop:/home/lamp/workspaces/turtlebot3_ws/install/turtlebot3_example:/opt/ros/humble /usr/bin/cmake --install /home/lamp/workspaces/segnet/build/gmapper
