[1.024s] Invoking command in '/home/lamp/workspaces/segnet/build/segnet': PYTHONPATH=/home/lamp/workspaces/segnet/build/segnet/prefix_override:/usr/lib/python3/dist-packages/colcon_core/task/python/colcon_distutils_commands:/home/lamp/workspaces/segnet/install/segnet/lib/python3.10/site-packages:${PYTHONPATH} /usr/bin/python3 -W ignore:setup.py install is deprecated -W ignore:easy_install command is deprecated setup.py develop --uninstall --editable --build-directory /home/lamp/workspaces/segnet/build/segnet/build
[1.266s] running develop
[1.435s] Removing /home/lamp/workspaces/segnet/install/segnet/lib/python3.10/site-packages/segnet.egg-link (link to .)
[1.470s] Invoked command in '/home/lamp/workspaces/segnet/build/segnet' returned '0': PYTHONPATH=/home/lamp/workspaces/segnet/build/segnet/prefix_override:/usr/lib/python3/dist-packages/colcon_core/task/python/colcon_distutils_commands:/home/lamp/workspaces/segnet/install/segnet/lib/python3.10/site-packages:${PYTHONPATH} /usr/bin/python3 -W ignore:setup.py install is deprecated -W ignore:easy_install command is deprecated setup.py develop --uninstall --editable --build-directory /home/lamp/workspaces/segnet/build/segnet/build
[1.472s] Invoking command in '/home/lamp/workspaces/segnet/src': PYTHONPATH=/home/lamp/workspaces/segnet/build/segnet/prefix_override:/usr/lib/python3/dist-packages/colcon_core/task/python/colcon_distutils_commands:/home/lamp/workspaces/segnet/install/segnet/lib/python3.10/site-packages:${PYTHONPATH} /usr/bin/python3 -W ignore:setup.py install is deprecated -W ignore:easy_install command is deprecated setup.py egg_info --egg-base ../build/segnet build --build-base /home/lamp/workspaces/segnet/build/segnet/build install --record /home/lamp/workspaces/segnet/build/segnet/install.log --single-version-externally-managed install_data --force
[1.709s] running egg_info
[1.710s] writing ../build/segnet/segnet.egg-info/PKG-INFO
[1.710s] writing dependency_links to ../build/segnet/segnet.egg-info/dependency_links.txt
[1.710s] writing entry points to ../build/segnet/segnet.egg-info/entry_points.txt
[1.710s] writing requirements to ../build/segnet/segnet.egg-info/requires.txt
[1.710s] writing top-level names to ../build/segnet/segnet.egg-info/top_level.txt
[1.715s] reading manifest file '../build/segnet/segnet.egg-info/SOURCES.txt'
[1.715s] writing manifest file '../build/segnet/segnet.egg-info/SOURCES.txt'
[1.715s] running build
[1.715s] running build_py
[1.715s] copying segnet/segnet.py -> /home/lamp/workspaces/segnet/build/segnet/build/lib/segnet
[1.716s] running install
[1.716s] running install_lib
[1.717s] creating /home/lamp/workspaces/segnet/install/segnet/lib/python3.10/site-packages/segnet
[1.717s] copying /home/lamp/workspaces/segnet/build/segnet/build/lib/segnet/merging.py -> /home/lamp/workspaces/segnet/install/segnet/lib/python3.10/site-packages/segnet
[1.717s] copying /home/lamp/workspaces/segnet/build/segnet/build/lib/segnet/segnet.py -> /home/lamp/workspaces/segnet/install/segnet/lib/python3.10/site-packages/segnet
[1.717s] copying /home/lamp/workspaces/segnet/build/segnet/build/lib/segnet/__init__.py -> /home/lamp/workspaces/segnet/install/segnet/lib/python3.10/site-packages/segnet
[1.718s] byte-compiling /home/lamp/workspaces/segnet/install/segnet/lib/python3.10/site-packages/segnet/merging.py to merging.cpython-310.pyc
[1.719s] byte-compiling /home/lamp/workspaces/segnet/install/segnet/lib/python3.10/site-packages/segnet/segnet.py to segnet.cpython-310.pyc
[1.719s] byte-compiling /home/lamp/workspaces/segnet/install/segnet/lib/python3.10/site-packages/segnet/__init__.py to __init__.cpython-310.pyc
[1.719s] running install_data
[1.720s] copying resource/segnet -> /home/lamp/workspaces/segnet/install/segnet/share/ament_index/resource_index/packages
[1.720s] copying package.xml -> /home/lamp/workspaces/segnet/install/segnet/share/segnet
[1.720s] running install_egg_info
[1.721s] Copying ../build/segnet/segnet.egg-info to /home/lamp/workspaces/segnet/install/segnet/lib/python3.10/site-packages/segnet-0.0.0-py3.10.egg-info
[1.722s] running install_scripts
[1.740s] Installing segnet script to /home/lamp/workspaces/segnet/install/segnet/lib/segnet
[1.740s] writing list of installed files to '/home/lamp/workspaces/segnet/build/segnet/install.log'
[1.770s] Invoked command in '/home/lamp/workspaces/segnet/src' returned '0': PYTHONPATH=/home/lamp/workspaces/segnet/build/segnet/prefix_override:/usr/lib/python3/dist-packages/colcon_core/task/python/colcon_distutils_commands:/home/lamp/workspaces/segnet/install/segnet/lib/python3.10/site-packages:${PYTHONPATH} /usr/bin/python3 -W ignore:setup.py install is deprecated -W ignore:easy_install command is deprecated setup.py egg_info --egg-base ../build/segnet build --build-base /home/lamp/workspaces/segnet/build/segnet/build install --record /home/lamp/workspaces/segnet/build/segnet/install.log --single-version-externally-managed install_data --force
