[0.191s] DEBUG:colcon:Command line arguments: ['/usr/bin/colcon', 'build']
[0.191s] DEBUG:colcon:Parsed command line arguments: Namespace(log_base=None, log_level=None, verb_name='build', build_base='build', install_base='install', merge_install=False, symlink_install=False, test_result_base=None, continue_on_error=False, executor='parallel', parallel_workers=12, event_handlers=None, ignore_user_meta=False, metas=['./colcon.meta'], base_paths=['.'], packages_ignore=None, packages_ignore_regex=None, paths=None, packages_up_to=None, packages_up_to_regex=None, packages_above=None, packages_above_and_dependencies=None, packages_above_depth=None, packages_select_by_dep=None, packages_skip_by_dep=None, packages_skip_up_to=None, packages_select_build_failed=False, packages_skip_build_finished=False, packages_select_test_failures=False, packages_skip_test_passed=False, packages_select=None, packages_skip=None, packages_select_regex=None, packages_skip_regex=None, packages_start=None, packages_end=None, allow_overriding=[], cmake_args=None, cmake_target=None, cmake_target_skip_unavailable=False, cmake_clean_cache=False, cmake_clean_first=False, cmake_force_configure=False, ament_cmake_args=None, catkin_cmake_args=None, catkin_skip_building_tests=False, mixin_files=None, mixin=None, verb_parser=<colcon_mixin.mixin.mixin_argument.MixinArgumentDecorator object at 0x7f07176a9db0>, verb_extension=<colcon_core.verb.build.BuildVerb object at 0x7f071762b460>, main=<bound method BuildVerb.main of <colcon_core.verb.build.BuildVerb object at 0x7f071762b460>>, mixin_verb=('build',))
[0.417s] Level 1:colcon.colcon_core.package_discovery:discover_packages(colcon_meta) check parameters
[0.417s] Level 1:colcon.colcon_core.package_discovery:discover_packages(recursive) check parameters
[0.417s] Level 1:colcon.colcon_core.package_discovery:discover_packages(ignore) check parameters
[0.417s] Level 1:colcon.colcon_core.package_discovery:discover_packages(path) check parameters
[0.418s] Level 1:colcon.colcon_core.package_discovery:discover_packages(colcon_meta) discover
[0.418s] Level 1:colcon.colcon_core.package_discovery:discover_packages(recursive) discover
[0.418s] INFO:colcon.colcon_core.package_discovery:Crawling recursively for packages in '/home/lamp/workspaces/segnet'
[0.418s] Level 1:colcon.colcon_core.package_identification:_identify(.) by extensions ['ignore', 'ignore_ament_install']
[0.418s] Level 1:colcon.colcon_core.package_identification:_identify(.) by extension 'ignore'
[0.418s] Level 1:colcon.colcon_core.package_identification:_identify(.) by extension 'ignore_ament_install'
[0.418s] Level 1:colcon.colcon_core.package_identification:_identify(.) by extensions ['colcon_pkg']
[0.418s] Level 1:colcon.colcon_core.package_identification:_identify(.) by extension 'colcon_pkg'
[0.418s] Level 1:colcon.colcon_core.package_identification:_identify(.) by extensions ['colcon_meta']
[0.418s] Level 1:colcon.colcon_core.package_identification:_identify(.) by extension 'colcon_meta'
[0.418s] Level 1:colcon.colcon_core.package_identification:_identify(.) by extensions ['ros']
[0.418s] Level 1:colcon.colcon_core.package_identification:_identify(.) by extension 'ros'
[0.440s] Level 1:colcon.colcon_core.package_identification:_identify(.) by extensions ['cmake', 'python']
[0.440s] Level 1:colcon.colcon_core.package_identification:_identify(.) by extension 'cmake'
[0.440s] Level 1:colcon.colcon_core.package_identification:_identify(.) by extension 'python'
[0.440s] Level 1:colcon.colcon_core.package_identification:_identify(.) by extensions ['python_setup_py']
[0.440s] Level 1:colcon.colcon_core.package_identification:_identify(.) by extension 'python_setup_py'
[0.440s] Level 1:colcon.colcon_core.package_identification:_identify(build) by extensions ['ignore', 'ignore_ament_install']
[0.440s] Level 1:colcon.colcon_core.package_identification:_identify(build) by extension 'ignore'
[0.440s] Level 1:colcon.colcon_core.package_identification:_identify(build) ignored
[0.440s] Level 1:colcon.colcon_core.package_identification:_identify(install) by extensions ['ignore', 'ignore_ament_install']
[0.440s] Level 1:colcon.colcon_core.package_identification:_identify(install) by extension 'ignore'
[0.440s] Level 1:colcon.colcon_core.package_identification:_identify(install) ignored
[0.440s] Level 1:colcon.colcon_core.package_identification:_identify(log) by extensions ['ignore', 'ignore_ament_install']
[0.440s] Level 1:colcon.colcon_core.package_identification:_identify(log) by extension 'ignore'
[0.440s] Level 1:colcon.colcon_core.package_identification:_identify(log) ignored
[0.441s] Level 1:colcon.colcon_core.package_identification:_identify(src) by extensions ['ignore', 'ignore_ament_install']
[0.441s] Level 1:colcon.colcon_core.package_identification:_identify(src) by extension 'ignore'
[0.441s] Level 1:colcon.colcon_core.package_identification:_identify(src) by extension 'ignore_ament_install'
[0.441s] Level 1:colcon.colcon_core.package_identification:_identify(src) by extensions ['colcon_pkg']
[0.441s] Level 1:colcon.colcon_core.package_identification:_identify(src) by extension 'colcon_pkg'
[0.441s] Level 1:colcon.colcon_core.package_identification:_identify(src) by extensions ['colcon_meta']
[0.441s] Level 1:colcon.colcon_core.package_identification:_identify(src) by extension 'colcon_meta'
[0.441s] Level 1:colcon.colcon_core.package_identification:_identify(src) by extensions ['ros']
[0.441s] Level 1:colcon.colcon_core.package_identification:_identify(src) by extension 'ros'
[0.443s] DEBUG:colcon.colcon_core.package_identification:Package 'src' with type 'ros.ament_python' and name 'segnet'
[0.443s] Level 1:colcon.colcon_core.package_discovery:discover_packages(recursive) using defaults
[0.443s] Level 1:colcon.colcon_core.package_discovery:discover_packages(ignore) discover
[0.443s] Level 1:colcon.colcon_core.package_discovery:discover_packages(ignore) using defaults
[0.443s] Level 1:colcon.colcon_core.package_discovery:discover_packages(path) discover
[0.443s] Level 1:colcon.colcon_core.package_discovery:discover_packages(path) using defaults
[0.462s] Level 1:colcon.colcon_core.package_discovery:discover_packages(prefix_path) check parameters
[0.462s] Level 1:colcon.colcon_core.package_discovery:discover_packages(prefix_path) discover
[0.466s] DEBUG:colcon.colcon_installed_package_information.package_discovery:Found 2 installed packages in /home/lamp/workspaces/gmapping/install
[0.466s] DEBUG:colcon.colcon_installed_package_information.package_discovery:Found 17 installed packages in /home/lamp/workspaces/launch_ws/install
[0.467s] DEBUG:colcon.colcon_installed_package_information.package_discovery:Found 15 installed packages in /home/lamp/workspaces/turtlebot3_ws/install
[0.470s] DEBUG:colcon.colcon_installed_package_information.package_discovery:Found 447 installed packages in /opt/ros/humble
[0.473s] Level 1:colcon.colcon_core.package_discovery:discover_packages(prefix_path) using defaults
[0.525s] Level 5:colcon.colcon_core.verb:set package 'segnet' build argument 'cmake_args' from command line to 'None'
[0.525s] Level 5:colcon.colcon_core.verb:set package 'segnet' build argument 'cmake_target' from command line to 'None'
[0.525s] Level 5:colcon.colcon_core.verb:set package 'segnet' build argument 'cmake_target_skip_unavailable' from command line to 'False'
[0.525s] Level 5:colcon.colcon_core.verb:set package 'segnet' build argument 'cmake_clean_cache' from command line to 'False'
[0.525s] Level 5:colcon.colcon_core.verb:set package 'segnet' build argument 'cmake_clean_first' from command line to 'False'
[0.525s] Level 5:colcon.colcon_core.verb:set package 'segnet' build argument 'cmake_force_configure' from command line to 'False'
[0.525s] Level 5:colcon.colcon_core.verb:set package 'segnet' build argument 'ament_cmake_args' from command line to 'None'
[0.525s] Level 5:colcon.colcon_core.verb:set package 'segnet' build argument 'catkin_cmake_args' from command line to 'None'
[0.525s] Level 5:colcon.colcon_core.verb:set package 'segnet' build argument 'catkin_skip_building_tests' from command line to 'False'
[0.525s] DEBUG:colcon.colcon_core.verb:Building package 'segnet' with the following arguments: {'ament_cmake_args': None, 'build_base': '/home/lamp/workspaces/segnet/build/segnet', 'catkin_cmake_args': None, 'catkin_skip_building_tests': False, 'cmake_args': None, 'cmake_clean_cache': False, 'cmake_clean_first': False, 'cmake_force_configure': False, 'cmake_target': None, 'cmake_target_skip_unavailable': False, 'install_base': '/home/lamp/workspaces/segnet/install/segnet', 'merge_install': False, 'path': '/home/lamp/workspaces/segnet/src', 'symlink_install': False, 'test_result_base': None}
[0.525s] INFO:colcon.colcon_core.executor:Executing jobs using 'parallel' executor
[0.526s] DEBUG:colcon.colcon_parallel_executor.executor.parallel:run_until_complete
[0.527s] INFO:colcon.colcon_ros.task.ament_python.build:Building ROS package in '/home/lamp/workspaces/segnet/src' with build type 'ament_python'
[0.527s] Level 1:colcon.colcon_core.shell:create_environment_hook('segnet', 'ament_prefix_path')
[0.530s] INFO:colcon.colcon_core.plugin_system:Skipping extension 'colcon_core.shell.bat': Not used on non-Windows systems
[0.530s] INFO:colcon.colcon_core.shell:Creating environment hook '/home/lamp/workspaces/segnet/install/segnet/share/segnet/hook/ament_prefix_path.ps1'
[0.532s] INFO:colcon.colcon_core.shell:Creating environment descriptor '/home/lamp/workspaces/segnet/install/segnet/share/segnet/hook/ament_prefix_path.dsv'
[0.533s] INFO:colcon.colcon_core.shell:Creating environment hook '/home/lamp/workspaces/segnet/install/segnet/share/segnet/hook/ament_prefix_path.sh'
[0.534s] INFO:colcon.colcon_core.shell:Skip shell extension 'powershell' for command environment: Not usable outside of PowerShell
[0.534s] DEBUG:colcon.colcon_core.shell:Skip shell extension 'dsv' for command environment
[0.852s] INFO:colcon.colcon_core.task.python.build:Building Python package in '/home/lamp/workspaces/segnet/src'
[0.852s] INFO:colcon.colcon_core.shell:Skip shell extension 'powershell' for command environment: Not usable outside of PowerShell
[0.852s] DEBUG:colcon.colcon_core.shell:Skip shell extension 'dsv' for command environment
[1.444s] DEBUG:colcon.colcon_core.event_handler.log_command:Invoking command in '/home/lamp/workspaces/segnet/src': PYTHONPATH=/home/lamp/workspaces/segnet/build/segnet/prefix_override:/usr/lib/python3/dist-packages/colcon_core/task/python/colcon_distutils_commands:/home/lamp/workspaces/segnet/install/segnet/lib/python3.10/site-packages:${PYTHONPATH} /usr/bin/python3 -W ignore:setup.py install is deprecated -W ignore:easy_install command is deprecated setup.py egg_info --egg-base ../build/segnet build --build-base /home/lamp/workspaces/segnet/build/segnet/build install --record /home/lamp/workspaces/segnet/build/segnet/install.log --single-version-externally-managed install_data
[1.779s] DEBUG:colcon.colcon_core.event_handler.log_command:Invoked command in '/home/lamp/workspaces/segnet/src' returned '0': PYTHONPATH=/home/lamp/workspaces/segnet/build/segnet/prefix_override:/usr/lib/python3/dist-packages/colcon_core/task/python/colcon_distutils_commands:/home/lamp/workspaces/segnet/install/segnet/lib/python3.10/site-packages:${PYTHONPATH} /usr/bin/python3 -W ignore:setup.py install is deprecated -W ignore:easy_install command is deprecated setup.py egg_info --egg-base ../build/segnet build --build-base /home/lamp/workspaces/segnet/build/segnet/build install --record /home/lamp/workspaces/segnet/build/segnet/install.log --single-version-externally-managed install_data
[1.781s] Level 1:colcon.colcon_core.environment:checking '/home/lamp/workspaces/segnet/install/segnet' for CMake module files
[1.781s] Level 1:colcon.colcon_core.environment:checking '/home/lamp/workspaces/segnet/install/segnet' for CMake config files
[1.782s] Level 1:colcon.colcon_core.environment:checking '/home/lamp/workspaces/segnet/install/segnet/lib'
[1.782s] Level 1:colcon.colcon_core.environment:checking '/home/lamp/workspaces/segnet/install/segnet/bin'
[1.782s] Level 1:colcon.colcon_core.environment:checking '/home/lamp/workspaces/segnet/install/segnet/lib/pkgconfig/segnet.pc'
[1.782s] Level 1:colcon.colcon_core.environment:checking '/home/lamp/workspaces/segnet/install/segnet/lib/python3.10/site-packages'
[1.782s] Level 1:colcon.colcon_core.shell:create_environment_hook('segnet', 'pythonpath')
[1.783s] INFO:colcon.colcon_core.shell:Creating environment hook '/home/lamp/workspaces/segnet/install/segnet/share/segnet/hook/pythonpath.ps1'
[1.783s] INFO:colcon.colcon_core.shell:Creating environment descriptor '/home/lamp/workspaces/segnet/install/segnet/share/segnet/hook/pythonpath.dsv'
[1.783s] INFO:colcon.colcon_core.shell:Creating environment hook '/home/lamp/workspaces/segnet/install/segnet/share/segnet/hook/pythonpath.sh'
[1.784s] Level 1:colcon.colcon_core.environment:checking '/home/lamp/workspaces/segnet/install/segnet/bin'
[1.784s] Level 1:colcon.colcon_core.environment:create_environment_scripts_only(segnet)
[1.784s] INFO:colcon.colcon_core.shell:Creating package script '/home/lamp/workspaces/segnet/install/segnet/share/segnet/package.ps1'
[1.785s] INFO:colcon.colcon_core.shell:Creating package descriptor '/home/lamp/workspaces/segnet/install/segnet/share/segnet/package.dsv'
[1.785s] INFO:colcon.colcon_core.shell:Creating package script '/home/lamp/workspaces/segnet/install/segnet/share/segnet/package.sh'
[1.786s] INFO:colcon.colcon_core.shell:Creating package script '/home/lamp/workspaces/segnet/install/segnet/share/segnet/package.bash'
[1.786s] INFO:colcon.colcon_core.shell:Creating package script '/home/lamp/workspaces/segnet/install/segnet/share/segnet/package.zsh'
[1.787s] Level 1:colcon.colcon_core.environment:create_file_with_runtime_dependencies(/home/lamp/workspaces/segnet/install/segnet/share/colcon-core/packages/segnet)
[1.788s] DEBUG:colcon.colcon_parallel_executor.executor.parallel:closing loop
[1.789s] DEBUG:colcon.colcon_parallel_executor.executor.parallel:loop closed
[1.789s] DEBUG:colcon.colcon_parallel_executor.executor.parallel:run_until_complete finished with '0'
[1.789s] DEBUG:colcon.colcon_core.event_reactor:joining thread
[1.814s] INFO:colcon.colcon_core.plugin_system:Skipping extension 'colcon_notification.desktop_notification.notify_send': Could not find 'notify-send'
[1.815s] INFO:colcon.colcon_core.plugin_system:Skipping extension 'colcon_notification.desktop_notification.terminal_notifier': Not used on non-Darwin systems
[1.815s] INFO:colcon.colcon_core.plugin_system:Skipping extension 'colcon_notification.desktop_notification.win32': Not used on non-Windows systems
[1.815s] INFO:colcon.colcon_notification.desktop_notification:Sending desktop notification using 'notify2'
[1.817s] DEBUG:colcon.colcon_notification.desktop_notification.notify2:Failed to initialize notify2: org.freedesktop.DBus.Error.ServiceUnknown: The name org.freedesktop.Notifications was not provided by any .service files
[1.817s] DEBUG:colcon.colcon_core.event_reactor:joined thread
[1.817s] INFO:colcon.colcon_core.shell:Creating prefix script '/home/lamp/workspaces/segnet/install/local_setup.ps1'
[1.819s] INFO:colcon.colcon_core.shell:Creating prefix util module '/home/lamp/workspaces/segnet/install/_local_setup_util_ps1.py'
[1.820s] INFO:colcon.colcon_core.shell:Creating prefix chain script '/home/lamp/workspaces/segnet/install/setup.ps1'
[1.821s] INFO:colcon.colcon_core.shell:Creating prefix script '/home/lamp/workspaces/segnet/install/local_setup.sh'
[1.822s] INFO:colcon.colcon_core.shell:Creating prefix util module '/home/lamp/workspaces/segnet/install/_local_setup_util_sh.py'
[1.823s] INFO:colcon.colcon_core.shell:Creating prefix chain script '/home/lamp/workspaces/segnet/install/setup.sh'
[1.825s] INFO:colcon.colcon_core.shell:Creating prefix script '/home/lamp/workspaces/segnet/install/local_setup.bash'
[1.825s] INFO:colcon.colcon_core.shell:Creating prefix chain script '/home/lamp/workspaces/segnet/install/setup.bash'
[1.827s] INFO:colcon.colcon_core.shell:Creating prefix script '/home/lamp/workspaces/segnet/install/local_setup.zsh'
[1.827s] INFO:colcon.colcon_core.shell:Creating prefix chain script '/home/lamp/workspaces/segnet/install/setup.zsh'
